#
# A fatal error has been detected by the Java Runtime Environment:
#
#  EXCEPTION_ACCESS_VIOLATION (0xc0000005) at pc=0x0000017970d2df13, pid=14688, tid=9092
#
# JRE version: OpenJDK Runtime Environment AdoptOpenJDK-11.0.11+9 (11.0.11+9) (build 11.0.11+9)
# Java VM: OpenJDK 64-Bit Server VM AdoptOpenJDK-11.0.11+9 (11.0.11+9, mixed mode, tiered, compressed oops, g1 gc, windows-amd64)
# Problematic frame:
# 
[error occurred during error reporting (printing problematic frame), id 0xc0000005, EXCEPTION_ACCESS_VIOLATION (0xc0000005) at pc=0x00007ffe6085c9bd]

# No core dump will be written. Minidumps are not enabled by default on client versions of Windows
#
# If you would like to submit a bug report, please visit:
#   https://github.com/AdoptOpenJDK/openjdk-support/issues
#

---------------  S U M M A R Y ------------

Command Line: com.dot.onboard.OnboardApplication

Host: Intel(R) Core(TM) i7-7700HQ CPU @ 2.80GHz, 8 cores, 15G,  Windows 10 , 64 bit Build 19041 (10.0.19041.1889)
Time: Tue Aug 30 11:00:00 2022 Malay Peninsula Standard Time elapsed time: 5120.848680 seconds (0d 1h 25m 20s)

---------------  T H R E A D  ---------------

Current thread (0x000001790dabe000):  JavaThread "taskExecutor-1" [_thread_in_Java, id=9092, stack(0x0000004c4a200000,0x0000004c4a300000)]

Stack: [0x0000004c4a200000,0x0000004c4a300000],  sp=0x0000004c4a2fe0c0,  free space=1016k
Native frames: (J=compiled Java code, j=interpreted, Vv=VM code, C=native code)
C  0x0000017970d2df13


siginfo: EXCEPTION_ACCESS_VIOLATION (0xc0000005), reading address 0x0000017957c69300


Register to memory mapping:

RIP=0x0000017970d2df13 is at code_begin+115 in an Interpreter codelet
method entry point (kind = zerolocals)  [0x0000017970d2dea0, 0x0000017970d2e3a0]  1280 bytes
RAX=0x0000017970d2a127 is at code_begin+2343 in an Interpreter codelet
invoke return entry points  [0x0000017970d29800, 0x0000017970d2a200]  2560 bytes
RBX={method} {0x0000017917c697b8} 
[error occurred during error reporting (printing register info), id 0xc0000005, EXCEPTION_ACCESS_VIOLATION (0xc0000005) at pc=0x00007ffe6085d9a3]

Registers:
RAX=0x0000017970d2a127, RBX=0x0000017917c697b0, RCX=0x0000000000000003, RDX=0x0000017957c692e8
RSP=0x0000004c4a2fe0c0, RBP=0x0000004c4a2fe0d8, RSI=0x0000000000000000, RDI=0x0000000000000240
R8 =0x00000179009671e0, R9 =0x000000070e835b78, R10=0x00007ffe60d43260, R11=0x000000070200ee18
R12=0x0000000000000000, R13=0x0000017917c69758, R14=0x0000004c4a2fe0f8, R15=0x000001790dabe000
RIP=0x0000017970d2df13, EFLAGS=0x0000000000010246

Top of Stack: (sp=0x0000004c4a2fe0c0)
0x0000004c4a2fe0c0:   0000017917c697b0 0000000000000000
0x0000004c4a2fe0d0:   0000004c4a2fe0e8 0000004c4a2fe158
0x0000004c4a2fe0e0:   0000017970d2a127 0000000000000000
0x0000004c4a2fe0f0:   0000000000000000 000000070ca3c140
0x0000004c4a2fe100:   000000070ca3c140 000000070ca3c080
0x0000004c4a2fe110:   0000004c4a2fe110 0000017917c63c78
0x0000004c4a2fe120:   0000004c4a2fe168 0000017917c67f00
0x0000004c4a2fe130:   0000000000000000 000000070d571cc0
0x0000004c4a2fe140:   0000017917c63cf0 0000004c4a2fe0e8
0x0000004c4a2fe150:   0000004c4a2fe168 0000004c4a2fe1c8
0x0000004c4a2fe160:   0000017970d2a127 000000070ca3c080
0x0000004c4a2fe170:   000000070ca3c080 000000070ca3b9c8
0x0000004c4a2fe180:   0000004c4a2fe180 0000017917bf70ad
0x0000004c4a2fe190:   0000004c4a2fe208 0000017917bf8b58
0x0000004c4a2fe1a0:   0000000000000000 000000070d56ae08
0x0000004c4a2fe1b0:   0000017917bf7158 0000004c4a2fe168 

Instructions: (pc=0x0000017970d2df13)
0x0000017970d2de13:   b1 61 60 fe 7f 00 00 41 ff d2 48 83 c4 20 49 ba
0x0000017970d2de23:   00 00 00 00 00 00 00 00 4d 89 97 28 03 00 00 49
0x0000017970d2de33:   ba 00 00 00 00 00 00 00 00 4d 89 97 38 03 00 00
0x0000017970d2de43:   49 ba 00 00 00 00 00 00 00 00 4d 89 97 30 03 00
0x0000017970d2de53:   00 c5 f8 77 49 81 7f 08 00 00 00 00 0f 84 05 00
0x0000017970d2de63:   00 00 e9 96 2e ff ff 4c 8b 6d c0 4c 8b 75 c8 c3
0x0000017970d2de73:   0f 1f 44 00 00 00 00 00 00 00 00 00 00 20 05 00
0x0000017970d2de83:   00 00 00 00 00 80 8d b9 60 fe 7f 00 00 ff ff ff
0x0000017970d2de93:   ff 00 00 00 00 00 00 00 00 00 00 00 00 48 8b 53
0x0000017970d2dea3:   08 0f b7 4a 34 0f b7 52 32 2b d1 81 fa f5 01 00
0x0000017970d2deb3:   00 0f 86 25 00 00 00 48 8b c2 48 c1 e0 03 48 83
0x0000017970d2dec3:   c0 58 49 03 87 10 04 00 00 48 3b e0 0f 87 0a 00
0x0000017970d2ded3:   00 00 58 49 8b e5 50 e9 a1 a7 ff ff 58 4c 8d 74
0x0000017970d2dee3:   cc f8 85 d2 0f 8e 09 00 00 00 68 00 00 00 00 ff
0x0000017970d2def3:   ca 7f f7 50 55 48 8b ec 41 55 68 00 00 00 00 4c
0x0000017970d2df03:   8b 6b 08 4d 8d 6d 38 53 48 8b 53 08 48 8b 52 08
0x0000017970d2df13:   48 8b 52 18 48 8b 52 70 48 8b 12 52 48 8b 53 10
0x0000017970d2df23:   48 85 d2 0f 84 07 00 00 00 48 81 c2 38 01 00 00
0x0000017970d2df33:   52 48 8b 53 08 48 8b 52 08 48 8b 52 10 52 41 56
0x0000017970d2df43:   41 55 68 00 00 00 00 48 89 24 24 41 c6 87 e5 03
0x0000017970d2df53:   00 00 01 48 8b 45 d8 48 85 c0 0f 84 96 00 00 00
0x0000017970d2df63:   8b 48 fc 85 c9 0f 88 8b 00 00 00 48 03 c1 48 8b
0x0000017970d2df73:   48 08 48 83 e9 02 48 8b 54 c8 10 48 f7 da 49 8b
0x0000017970d2df83:   14 d6 48 85 d2 75 0b 48 81 4c c8 18 01 00 00 00
0x0000017970d2df93:   eb 5e 8b 52 08 49 bc 00 00 00 00 08 00 00 00 49
0x0000017970d2dfa3:   03 d4 4d 33 e4 48 33 54 c8 18 48 f7 c2 fc ff ff
0x0000017970d2dfb3:   ff 74 3d 48 f7 c2 02 00 00 00 75 34 48 81 7c c8
0x0000017970d2dfc3:   18 00 00 00 00 74 24 48 81 7c c8 18 01 00 00 00
0x0000017970d2dfd3:   74 19 48 33 54 c8 18 48 f7 c2 fc ff ff ff 74 10
0x0000017970d2dfe3:   48 81 4c c8 18 02 00 00 00 eb 05 48 89 54 c8 18
0x0000017970d2dff3:   48 83 e9 02 79 80 48 8b 43 10 48 85 c0 74 20 8b
0x0000017970d2e003:   88 04 01 00 00 83 c1 08 89 88 04 01 00 00 23 88 


Stack slot to memory mapping:
stack at sp + 0 slots: {method} {0x0000017917c697b8} 
[error occurred during error reporting (inspecting top of stack), id 0xc0000005, EXCEPTION_ACCESS_VIOLATION (0xc0000005) at pc=0x00007ffe6085d9a3]

method entry point (kind = zerolocals)  [0x0000017970d2dea0, 0x0000017970d2e3a0]  1280 bytes

---------------  P R O C E S S  ---------------

Threads class SMR info:
_java_thread_list=0x00000179146a9eb0, length=31, elements={
0x000001790c3a7000, 0x000001790c3b0000, 0x000001790ccb9000, 0x000001790ccbd800,
0x000001790ccc0800, 0x000001790ccc2000, 0x000001790ccc6000, 0x000001790ccd9000,
0x000001790ce41800, 0x00000179112fc800, 0x000001791333c800, 0x000001791333d800,
0x000001791333e000, 0x000001791333b000, 0x000001791333f000, 0x000001791333b800,
0x0000017913339800, 0x0000017913340000, 0x000001791333a000, 0x000001790dac4000,
0x000001790dac0000, 0x000001790dac1800, 0x000001790dac0800, 0x000001790dabf000,
0x000001790dac2800, 0x000001790dac3000, 0x000001790dabe000, 0x000001790dac5800,
0x000001790dac6800, 0x000001790dac7000, 0x000001790dac5000
}

Java Threads: ( => current thread )
  0x000001790c3a7000 JavaThread "Reference Handler" daemon [_thread_blocked, id=9728, stack(0x0000004c47d00000,0x0000004c47e00000)]
  0x000001790c3b0000 JavaThread "Finalizer" daemon [_thread_blocked, id=17044, stack(0x0000004c47e00000,0x0000004c47f00000)]
  0x000001790ccb9000 JavaThread "Signal Dispatcher" daemon [_thread_blocked, id=1496, stack(0x0000004c47f00000,0x0000004c48000000)]
  0x000001790ccbd800 JavaThread "Attach Listener" daemon [_thread_blocked, id=17884, stack(0x0000004c48000000,0x0000004c48100000)]
  0x000001790ccc0800 JavaThread "Service Thread" daemon [_thread_blocked, id=16764, stack(0x0000004c48100000,0x0000004c48200000)]
  0x000001790ccc2000 JavaThread "C2 CompilerThread0" daemon [_thread_blocked, id=4780, stack(0x0000004c48200000,0x0000004c48300000)]
  0x000001790ccc6000 JavaThread "C1 CompilerThread0" daemon [_thread_blocked, id=8720, stack(0x0000004c48300000,0x0000004c48400000)]
  0x000001790ccd9000 JavaThread "Sweeper thread" daemon [_thread_blocked, id=17280, stack(0x0000004c48400000,0x0000004c48500000)]
  0x000001790ce41800 JavaThread "Common-Cleaner" daemon [_thread_blocked, id=3988, stack(0x0000004c48600000,0x0000004c48700000)]
  0x00000179112fc800 JavaThread "HikariPool-1 housekeeper" daemon [_thread_blocked, id=6736, stack(0x0000004c48f00000,0x0000004c49000000)]
  0x000001791333c800 JavaThread "Catalina-utility-1" [_thread_blocked, id=10912, stack(0x0000004c49100000,0x0000004c49200000)]
  0x000001791333d800 JavaThread "Catalina-utility-2" [_thread_blocked, id=10744, stack(0x0000004c49200000,0x0000004c49300000)]
  0x000001791333e000 JavaThread "container-0" [_thread_blocked, id=4264, stack(0x0000004c49300000,0x0000004c49400000)]
  0x000001791333b000 JavaThread "http-nio-8080-exec-1" daemon [_thread_blocked, id=3872, stack(0x0000004c49000000,0x0000004c49100000)]
  0x000001791333f000 JavaThread "http-nio-8080-exec-2" daemon [_thread_blocked, id=9368, stack(0x0000004c49600000,0x0000004c49700000)]
  0x000001791333b800 JavaThread "http-nio-8080-exec-3" daemon [_thread_blocked, id=12088, stack(0x0000004c49700000,0x0000004c49800000)]
  0x0000017913339800 JavaThread "http-nio-8080-exec-4" daemon [_thread_blocked, id=14188, stack(0x0000004c49800000,0x0000004c49900000)]
  0x0000017913340000 JavaThread "http-nio-8080-exec-5" daemon [_thread_blocked, id=9536, stack(0x0000004c49900000,0x0000004c49a00000)]
  0x000001791333a000 JavaThread "http-nio-8080-exec-6" daemon [_thread_blocked, id=18864, stack(0x0000004c49a00000,0x0000004c49b00000)]
  0x000001790dac4000 JavaThread "http-nio-8080-exec-7" daemon [_thread_blocked, id=9188, stack(0x0000004c49b00000,0x0000004c49c00000)]
  0x000001790dac0000 JavaThread "http-nio-8080-exec-8" daemon [_thread_blocked, id=7384, stack(0x0000004c49c00000,0x0000004c49d00000)]
  0x000001790dac1800 JavaThread "http-nio-8080-exec-9" daemon [_thread_blocked, id=5460, stack(0x0000004c49d00000,0x0000004c49e00000)]
  0x000001790dac0800 JavaThread "http-nio-8080-exec-10" daemon [_thread_blocked, id=13692, stack(0x0000004c49e00000,0x0000004c49f00000)]
  0x000001790dabf000 JavaThread "http-nio-8080-Poller" daemon [_thread_in_native, id=5388, stack(0x0000004c49f00000,0x0000004c4a000000)]
  0x000001790dac2800 JavaThread "http-nio-8080-Acceptor" daemon [_thread_in_native, id=12976, stack(0x0000004c4a000000,0x0000004c4a100000)]
  0x000001790dac3000 JavaThread "scheduling-1" [_thread_blocked, id=16012, stack(0x0000004c4a100000,0x0000004c4a200000)]
=>0x000001790dabe000 JavaThread "taskExecutor-1" [_thread_in_Java, id=9092, stack(0x0000004c4a200000,0x0000004c4a300000)]
  0x000001790dac5800 JavaThread "taskExecutor-2" [_thread_blocked, id=19240, stack(0x0000004c4a300000,0x0000004c4a400000)]
  0x000001790dac6800 JavaThread "DestroyJavaVM" [_thread_blocked, id=12356, stack(0x0000004c47600000,0x0000004c47700000)]
  0x000001790dac7000 JavaThread "SentryHostnameCache-0" daemon [_thread_blocked, id=16136, stack(0x0000004c47300000,0x0000004c47400000)]
  0x000001790dac5000 JavaThread "SentryAsyncConnection-0" daemon [_thread_blocked, id=14180, stack(0x0000004c47400000,0x0000004c47500000)]

Other Threads:
  0x000001790c3a3000 VMThread "VM Thread" [stack: 0x0000004c47c00000,0x0000004c47d00000] [id=6940]
  0x000001790ce34800 WatcherThread [stack: 0x0000004c48500000,0x0000004c48600000] [id=8948]
  0x0000017968630800 GCTaskThread "GC Thread#0" [stack: 0x0000004c47700000,0x0000004c47800000] [id=18768]
  0x000001790dda8000 GCTaskThread "GC Thread#1" [stack: 0x0000004c48800000,0x0000004c48900000] [id=10636]
  0x000001790dbea000 GCTaskThread "GC Thread#2" [stack: 0x0000004c48900000,0x0000004c48a00000] [id=1852]
  0x000001790dbeb000 GCTaskThread "GC Thread#3" [stack: 0x0000004c48a00000,0x0000004c48b00000] [id=8800]
  0x000001790dc3f000 GCTaskThread "GC Thread#4" [stack: 0x0000004c48b00000,0x0000004c48c00000] [id=9864]
  0x000001790dc40000 GCTaskThread "GC Thread#5" [stack: 0x0000004c48c00000,0x0000004c48d00000] [id=11516]
  0x000001790fe62000 GCTaskThread "GC Thread#6" [stack: 0x0000004c49400000,0x0000004c49500000] [id=14168]
  0x000001791186e800 GCTaskThread "GC Thread#7" [stack: 0x0000004c49500000,0x0000004c49600000] [id=7456]
  0x000001796868f800 ConcurrentGCThread "G1 Main Marker" [stack: 0x0000004c47800000,0x0000004c47900000] [id=5976]
  0x0000017968690800 ConcurrentGCThread "G1 Conc#0" [stack: 0x0000004c47900000,0x0000004c47a00000] [id=14752]
  0x000001790dc39800 ConcurrentGCThread "G1 Conc#1" [stack: 0x0000004c48e00000,0x0000004c48f00000] [id=11316]
  0x000001790c288800 ConcurrentGCThread "G1 Refine#0" [stack: 0x0000004c47a00000,0x0000004c47b00000] [id=3268]
  0x000001790c28a000 ConcurrentGCThread "G1 Young RemSet Sampling" [stack: 0x0000004c47b00000,0x0000004c47c00000] [id=13304]

Threads with active compile tasks:

VM state:not at safepoint (normal execution)

VM Mutex/Monitor currently owned by a thread: None

Heap address: 0x0000000701c00000, size: 4068 MB, Compressed Oops mode: Zero based, Oop shift amount: 3
Narrow klass base: 0x0000000800000000, Narrow klass shift: 0
Compressed class space size: 1073741824 Address: 0x0000000800000000

Heap:
 garbage-first heap   total 262144K, used 149626K [0x0000000701c00000, 0x0000000800000000)
  region size 1024K, 134 young (137216K), 13 survivors (13312K)
 Metaspace       used 83755K, capacity 85751K, committed 85976K, reserved 1124352K
  class space    used 10575K, capacity 11376K, committed 11480K, reserved 1048576K
Heap Regions: E=young(eden), S=young(survivor), O=old, HS=humongous(starts), HC=humongous(continues), CS=collection set, F=free, A=archive, TAMS=top-at-mark-start (previous, next)
|   0|0x0000000701c00000, 0x0000000701d00000, 0x0000000701d00000|100%|HS|  |TAMS 0x0000000701d00000, 0x0000000701c00000| Complete 
|   1|0x0000000701d00000, 0x0000000701e00000, 0x0000000701e00000|100%| O|  |TAMS 0x0000000701e00000, 0x0000000701d00000| Untracked 
|   2|0x0000000701e00000, 0x0000000701f00000, 0x0000000701f00000|100%| O|  |TAMS 0x0000000701f00000, 0x0000000701e00000| Untracked 
|   3|0x0000000701f00000, 0x0000000702000000, 0x0000000702000000|100%| O|  |TAMS 0x0000000702000000, 0x0000000701f00000| Untracked 
|   4|0x0000000702000000, 0x0000000702100000, 0x0000000702100000|100%| O|  |TAMS 0x0000000702100000, 0x0000000702000000| Untracked 
|   5|0x0000000702100000, 0x0000000702200000, 0x0000000702200000|100%| O|  |TAMS 0x0000000702200000, 0x0000000702100000| Untracked 
|   6|0x0000000702200000, 0x0000000702300000, 0x0000000702300000|100%| O|  |TAMS 0x0000000702300000, 0x0000000702200000| Untracked 
|   7|0x0000000702300000, 0x0000000702400000, 0x0000000702400000|100%| O|  |TAMS 0x0000000702400000, 0x0000000702300000| Untracked 
|   8|0x0000000702400000, 0x0000000702500000, 0x0000000702500000|100%| O|  |TAMS 0x0000000702500000, 0x0000000702400000| Untracked 
|   9|0x0000000702500000, 0x0000000702600000, 0x0000000702600000|100%| O|  |TAMS 0x00000007025d8200, 0x0000000702500000| Untracked 
|  10|0x0000000702600000, 0x0000000702700000, 0x0000000702700000|100%| O|  |TAMS 0x0000000702600000, 0x0000000702600000| Untracked 
|  11|0x0000000702700000, 0x0000000702800000, 0x0000000702800000|100%| O|  |TAMS 0x0000000702700000, 0x0000000702700000| Untracked 
|  12|0x0000000702800000, 0x0000000702900000, 0x0000000702900000|100%| O|  |TAMS 0x0000000702800000, 0x0000000702800000| Untracked 
|  13|0x0000000702900000, 0x000000070295b800, 0x0000000702a00000| 35%| O|  |TAMS 0x0000000702900000, 0x0000000702900000| Untracked 
|  14|0x0000000702a00000, 0x0000000702a00000, 0x0000000702b00000|  0%| F|  |TAMS 0x0000000702a00000, 0x0000000702a00000| Untracked 
|  15|0x0000000702b00000, 0x0000000702b00000, 0x0000000702c00000|  0%| F|  |TAMS 0x0000000702b00000, 0x0000000702b00000| Untracked 
|  16|0x0000000702c00000, 0x0000000702c00000, 0x0000000702d00000|  0%| F|  |TAMS 0x0000000702c00000, 0x0000000702c00000| Untracked 
|  17|0x0000000702d00000, 0x0000000702d00000, 0x0000000702e00000|  0%| F|  |TAMS 0x0000000702d00000, 0x0000000702d00000| Untracked 
|  18|0x0000000702e00000, 0x0000000702e00000, 0x0000000702f00000|  0%| F|  |TAMS 0x0000000702e00000, 0x0000000702e00000| Untracked 
|  19|0x0000000702f00000, 0x0000000702f00000, 0x0000000703000000|  0%| F|  |TAMS 0x0000000702f00000, 0x0000000702f00000| Untracked 
|  20|0x0000000703000000, 0x0000000703000000, 0x0000000703100000|  0%| F|  |TAMS 0x0000000703000000, 0x0000000703000000| Untracked 
|  21|0x0000000703100000, 0x0000000703100000, 0x0000000703200000|  0%| F|  |TAMS 0x0000000703100000, 0x0000000703100000| Untracked 
|  22|0x0000000703200000, 0x0000000703200000, 0x0000000703300000|  0%| F|  |TAMS 0x0000000703200000, 0x0000000703200000| Untracked 
|  23|0x0000000703300000, 0x0000000703300000, 0x0000000703400000|  0%| F|  |TAMS 0x0000000703300000, 0x0000000703300000| Untracked 
|  24|0x0000000703400000, 0x0000000703400000, 0x0000000703500000|  0%| F|  |TAMS 0x0000000703400000, 0x0000000703400000| Untracked 
|  25|0x0000000703500000, 0x0000000703500000, 0x0000000703600000|  0%| F|  |TAMS 0x0000000703500000, 0x0000000703500000| Untracked 
|  26|0x0000000703600000, 0x0000000703600000, 0x0000000703700000|  0%| F|  |TAMS 0x0000000703600000, 0x0000000703600000| Untracked 
|  27|0x0000000703700000, 0x0000000703700000, 0x0000000703800000|  0%| F|  |TAMS 0x0000000703700000, 0x0000000703700000| Untracked 
|  28|0x0000000703800000, 0x0000000703800000, 0x0000000703900000|  0%| F|  |TAMS 0x0000000703800000, 0x0000000703800000| Untracked 
|  29|0x0000000703900000, 0x0000000703900000, 0x0000000703a00000|  0%| F|  |TAMS 0x0000000703900000, 0x0000000703900000| Untracked 
|  30|0x0000000703a00000, 0x0000000703a00000, 0x0000000703b00000|  0%| F|  |TAMS 0x0000000703a00000, 0x0000000703a00000| Untracked 
|  31|0x0000000703b00000, 0x0000000703b00000, 0x0000000703c00000|  0%| F|  |TAMS 0x0000000703b00000, 0x0000000703b00000| Untracked 
|  32|0x0000000703c00000, 0x0000000703c00000, 0x0000000703d00000|  0%| F|  |TAMS 0x0000000703c00000, 0x0000000703c00000| Untracked 
|  33|0x0000000703d00000, 0x0000000703d00000, 0x0000000703e00000|  0%| F|  |TAMS 0x0000000703d00000, 0x0000000703d00000| Untracked 
|  34|0x0000000703e00000, 0x0000000703e00000, 0x0000000703f00000|  0%| F|  |TAMS 0x0000000703e00000, 0x0000000703e00000| Untracked 
|  35|0x0000000703f00000, 0x0000000703f00000, 0x0000000704000000|  0%| F|  |TAMS 0x0000000703f00000, 0x0000000703f00000| Untracked 
|  36|0x0000000704000000, 0x0000000704000000, 0x0000000704100000|  0%| F|  |TAMS 0x0000000704000000, 0x0000000704000000| Untracked 
|  37|0x0000000704100000, 0x0000000704100000, 0x0000000704200000|  0%| F|  |TAMS 0x0000000704100000, 0x0000000704100000| Untracked 
|  38|0x0000000704200000, 0x0000000704200000, 0x0000000704300000|  0%| F|  |TAMS 0x0000000704200000, 0x0000000704200000| Untracked 
|  39|0x0000000704300000, 0x0000000704300000, 0x0000000704400000|  0%| F|  |TAMS 0x0000000704300000, 0x0000000704300000| Untracked 
|  40|0x0000000704400000, 0x0000000704400000, 0x0000000704500000|  0%| F|  |TAMS 0x0000000704400000, 0x0000000704400000| Untracked 
|  41|0x0000000704500000, 0x0000000704500000, 0x0000000704600000|  0%| F|  |TAMS 0x0000000704500000, 0x0000000704500000| Untracked 
|  42|0x0000000704600000, 0x0000000704600000, 0x0000000704700000|  0%| F|  |TAMS 0x0000000704600000, 0x0000000704600000| Untracked 
|  43|0x0000000704700000, 0x0000000704700000, 0x0000000704800000|  0%| F|  |TAMS 0x0000000704700000, 0x0000000704700000| Untracked 
|  44|0x0000000704800000, 0x0000000704800000, 0x0000000704900000|  0%| F|  |TAMS 0x0000000704800000, 0x0000000704800000| Untracked 
|  45|0x0000000704900000, 0x0000000704900000, 0x0000000704a00000|  0%| F|  |TAMS 0x0000000704900000, 0x0000000704900000| Untracked 
|  46|0x0000000704a00000, 0x0000000704a00000, 0x0000000704b00000|  0%| F|  |TAMS 0x0000000704a00000, 0x0000000704a00000| Untracked 
|  47|0x0000000704b00000, 0x0000000704b00000, 0x0000000704c00000|  0%| F|  |TAMS 0x0000000704b00000, 0x0000000704b00000| Untracked 
|  48|0x0000000704c00000, 0x0000000704c00000, 0x0000000704d00000|  0%| F|  |TAMS 0x0000000704c00000, 0x0000000704c00000| Untracked 
|  49|0x0000000704d00000, 0x0000000704d00000, 0x0000000704e00000|  0%| F|  |TAMS 0x0000000704d00000, 0x0000000704d00000| Untracked 
|  50|0x0000000704e00000, 0x0000000704e00000, 0x0000000704f00000|  0%| F|  |TAMS 0x0000000704e00000, 0x0000000704e00000| Untracked 
|  51|0x0000000704f00000, 0x0000000704f00000, 0x0000000705000000|  0%| F|  |TAMS 0x0000000704f00000, 0x0000000704f00000| Untracked 
|  52|0x0000000705000000, 0x0000000705000000, 0x0000000705100000|  0%| F|  |TAMS 0x0000000705000000, 0x0000000705000000| Untracked 
|  53|0x0000000705100000, 0x0000000705100000, 0x0000000705200000|  0%| F|  |TAMS 0x0000000705100000, 0x0000000705100000| Untracked 
|  54|0x0000000705200000, 0x0000000705200000, 0x0000000705300000|  0%| F|  |TAMS 0x0000000705200000, 0x0000000705200000| Untracked 
|  55|0x0000000705300000, 0x0000000705300000, 0x0000000705400000|  0%| F|  |TAMS 0x0000000705300000, 0x0000000705300000| Untracked 
|  56|0x0000000705400000, 0x0000000705400000, 0x0000000705500000|  0%| F|  |TAMS 0x0000000705400000, 0x0000000705400000| Untracked 
|  57|0x0000000705500000, 0x0000000705500000, 0x0000000705600000|  0%| F|  |TAMS 0x0000000705500000, 0x0000000705500000| Untracked 
|  58|0x0000000705600000, 0x0000000705600000, 0x0000000705700000|  0%| F|  |TAMS 0x0000000705600000, 0x0000000705600000| Untracked 
|  59|0x0000000705700000, 0x0000000705700000, 0x0000000705800000|  0%| F|  |TAMS 0x0000000705700000, 0x0000000705700000| Untracked 
|  60|0x0000000705800000, 0x0000000705800000, 0x0000000705900000|  0%| F|  |TAMS 0x0000000705800000, 0x0000000705800000| Untracked 
|  61|0x0000000705900000, 0x0000000705900000, 0x0000000705a00000|  0%| F|  |TAMS 0x0000000705900000, 0x0000000705900000| Untracked 
|  62|0x0000000705a00000, 0x0000000705a00000, 0x0000000705b00000|  0%| F|  |TAMS 0x0000000705a00000, 0x0000000705a00000| Untracked 
|  63|0x0000000705b00000, 0x0000000705b00000, 0x0000000705c00000|  0%| F|  |TAMS 0x0000000705b00000, 0x0000000705b00000| Untracked 
|  64|0x0000000705c00000, 0x0000000705c00000, 0x0000000705d00000|  0%| F|  |TAMS 0x0000000705c00000, 0x0000000705c00000| Untracked 
|  65|0x0000000705d00000, 0x0000000705d00000, 0x0000000705e00000|  0%| F|  |TAMS 0x0000000705d00000, 0x0000000705d00000| Untracked 
|  66|0x0000000705e00000, 0x0000000705e00000, 0x0000000705f00000|  0%| F|  |TAMS 0x0000000705e00000, 0x0000000705e00000| Untracked 
|  67|0x0000000705f00000, 0x0000000705f00000, 0x0000000706000000|  0%| F|  |TAMS 0x0000000705f00000, 0x0000000705f00000| Untracked 
|  68|0x0000000706000000, 0x0000000706000000, 0x0000000706100000|  0%| F|  |TAMS 0x0000000706000000, 0x0000000706000000| Untracked 
|  69|0x0000000706100000, 0x0000000706100000, 0x0000000706200000|  0%| F|  |TAMS 0x0000000706100000, 0x0000000706100000| Untracked 
|  70|0x0000000706200000, 0x0000000706200000, 0x0000000706300000|  0%| F|  |TAMS 0x0000000706200000, 0x0000000706200000| Untracked 
|  71|0x0000000706300000, 0x0000000706300000, 0x0000000706400000|  0%| F|  |TAMS 0x0000000706300000, 0x0000000706300000| Untracked 
|  72|0x0000000706400000, 0x0000000706400000, 0x0000000706500000|  0%| F|  |TAMS 0x0000000706400000, 0x0000000706400000| Untracked 
|  73|0x0000000706500000, 0x0000000706500000, 0x0000000706600000|  0%| F|  |TAMS 0x0000000706500000, 0x0000000706500000| Untracked 
|  74|0x0000000706600000, 0x0000000706600000, 0x0000000706700000|  0%| F|  |TAMS 0x0000000706600000, 0x0000000706600000| Untracked 
|  75|0x0000000706700000, 0x0000000706700000, 0x0000000706800000|  0%| F|  |TAMS 0x0000000706700000, 0x0000000706700000| Untracked 
|  76|0x0000000706800000, 0x0000000706800000, 0x0000000706900000|  0%| F|  |TAMS 0x0000000706800000, 0x0000000706800000| Untracked 
|  77|0x0000000706900000, 0x0000000706900000, 0x0000000706a00000|  0%| F|  |TAMS 0x0000000706900000, 0x0000000706900000| Untracked 
|  78|0x0000000706a00000, 0x0000000706a00000, 0x0000000706b00000|  0%| F|  |TAMS 0x0000000706a00000, 0x0000000706a00000| Untracked 
|  79|0x0000000706b00000, 0x0000000706b00000, 0x0000000706c00000|  0%| F|  |TAMS 0x0000000706b00000, 0x0000000706b00000| Untracked 
|  80|0x0000000706c00000, 0x0000000706c00000, 0x0000000706d00000|  0%| F|  |TAMS 0x0000000706c00000, 0x0000000706c00000| Untracked 
|  81|0x0000000706d00000, 0x0000000706d00000, 0x0000000706e00000|  0%| F|  |TAMS 0x0000000706d00000, 0x0000000706d00000| Untracked 
|  82|0x0000000706e00000, 0x0000000706e00000, 0x0000000706f00000|  0%| F|  |TAMS 0x0000000706e00000, 0x0000000706e00000| Untracked 
|  83|0x0000000706f00000, 0x0000000706f00000, 0x0000000707000000|  0%| F|  |TAMS 0x0000000706f00000, 0x0000000706f00000| Untracked 
|  84|0x0000000707000000, 0x0000000707000000, 0x0000000707100000|  0%| F|  |TAMS 0x0000000707000000, 0x0000000707000000| Untracked 
|  85|0x0000000707100000, 0x0000000707100000, 0x0000000707200000|  0%| F|  |TAMS 0x0000000707100000, 0x0000000707100000| Untracked 
|  86|0x0000000707200000, 0x0000000707200000, 0x0000000707300000|  0%| F|  |TAMS 0x0000000707200000, 0x0000000707200000| Untracked 
|  87|0x0000000707300000, 0x0000000707300000, 0x0000000707400000|  0%| F|  |TAMS 0x0000000707300000, 0x0000000707300000| Untracked 
|  88|0x0000000707400000, 0x0000000707400000, 0x0000000707500000|  0%| F|  |TAMS 0x0000000707400000, 0x0000000707400000| Untracked 
|  89|0x0000000707500000, 0x0000000707500000, 0x0000000707600000|  0%| F|  |TAMS 0x0000000707500000, 0x0000000707500000| Untracked 
|  90|0x0000000707600000, 0x0000000707600000, 0x0000000707700000|  0%| F|  |TAMS 0x0000000707600000, 0x0000000707600000| Untracked 
|  91|0x0000000707700000, 0x0000000707700000, 0x0000000707800000|  0%| F|  |TAMS 0x0000000707700000, 0x0000000707700000| Untracked 
|  92|0x0000000707800000, 0x0000000707800000, 0x0000000707900000|  0%| F|  |TAMS 0x0000000707800000, 0x0000000707800000| Untracked 
|  93|0x0000000707900000, 0x0000000707900000, 0x0000000707a00000|  0%| F|  |TAMS 0x0000000707900000, 0x0000000707900000| Untracked 
|  94|0x0000000707a00000, 0x0000000707a00000, 0x0000000707b00000|  0%| F|  |TAMS 0x0000000707a00000, 0x0000000707a00000| Untracked 
|  95|0x0000000707b00000, 0x0000000707b00000, 0x0000000707c00000|  0%| F|  |TAMS 0x0000000707b00000, 0x0000000707b00000| Untracked 
|  96|0x0000000707c00000, 0x0000000707c00000, 0x0000000707d00000|  0%| F|  |TAMS 0x0000000707c00000, 0x0000000707c00000| Untracked 
|  97|0x0000000707d00000, 0x0000000707d00000, 0x0000000707e00000|  0%| F|  |TAMS 0x0000000707d00000, 0x0000000707d00000| Untracked 
|  98|0x0000000707e00000, 0x0000000707e00000, 0x0000000707f00000|  0%| F|  |TAMS 0x0000000707e00000, 0x0000000707e00000| Untracked 
|  99|0x0000000707f00000, 0x0000000707f00000, 0x0000000708000000|  0%| F|  |TAMS 0x0000000707f00000, 0x0000000707f00000| Untracked 
| 100|0x0000000708000000, 0x0000000708000000, 0x0000000708100000|  0%| F|  |TAMS 0x0000000708000000, 0x0000000708000000| Untracked 
| 101|0x0000000708100000, 0x0000000708100000, 0x0000000708200000|  0%| F|  |TAMS 0x0000000708100000, 0x0000000708100000| Untracked 
| 102|0x0000000708200000, 0x0000000708200000, 0x0000000708300000|  0%| F|  |TAMS 0x0000000708200000, 0x0000000708200000| Untracked 
| 103|0x0000000708300000, 0x0000000708300000, 0x0000000708400000|  0%| F|  |TAMS 0x0000000708300000, 0x0000000708300000| Untracked 
| 104|0x0000000708400000, 0x0000000708400000, 0x0000000708500000|  0%| F|  |TAMS 0x0000000708400000, 0x0000000708400000| Untracked 
| 105|0x0000000708500000, 0x0000000708500000, 0x0000000708600000|  0%| F|  |TAMS 0x0000000708500000, 0x0000000708500000| Untracked 
| 106|0x0000000708600000, 0x0000000708600000, 0x0000000708700000|  0%| F|  |TAMS 0x0000000708600000, 0x0000000708600000| Untracked 
| 107|0x0000000708700000, 0x0000000708700000, 0x0000000708800000|  0%| F|  |TAMS 0x0000000708700000, 0x0000000708700000| Untracked 
| 108|0x0000000708800000, 0x00000007088c3240, 0x0000000708900000| 76%| S|CS|TAMS 0x0000000708800000, 0x0000000708800000| Complete 
| 109|0x0000000708900000, 0x0000000708a00000, 0x0000000708a00000|100%| S|CS|TAMS 0x0000000708900000, 0x0000000708900000| Complete 
| 110|0x0000000708a00000, 0x0000000708b00000, 0x0000000708b00000|100%| S|CS|TAMS 0x0000000708a00000, 0x0000000708a00000| Complete 
| 111|0x0000000708b00000, 0x0000000708c00000, 0x0000000708c00000|100%| S|CS|TAMS 0x0000000708b00000, 0x0000000708b00000| Complete 
| 112|0x0000000708c00000, 0x0000000708d00000, 0x0000000708d00000|100%| S|CS|TAMS 0x0000000708c00000, 0x0000000708c00000| Complete 
| 113|0x0000000708d00000, 0x0000000708e00000, 0x0000000708e00000|100%| S|CS|TAMS 0x0000000708d00000, 0x0000000708d00000| Complete 
| 114|0x0000000708e00000, 0x0000000708f00000, 0x0000000708f00000|100%| S|CS|TAMS 0x0000000708e00000, 0x0000000708e00000| Complete 
| 115|0x0000000708f00000, 0x0000000709000000, 0x0000000709000000|100%| S|CS|TAMS 0x0000000708f00000, 0x0000000708f00000| Complete 
| 116|0x0000000709000000, 0x0000000709100000, 0x0000000709100000|100%| S|CS|TAMS 0x0000000709000000, 0x0000000709000000| Complete 
| 117|0x0000000709100000, 0x0000000709200000, 0x0000000709200000|100%| S|CS|TAMS 0x0000000709100000, 0x0000000709100000| Complete 
| 118|0x0000000709200000, 0x0000000709300000, 0x0000000709300000|100%| S|CS|TAMS 0x0000000709200000, 0x0000000709200000| Complete 
| 119|0x0000000709300000, 0x0000000709400000, 0x0000000709400000|100%| S|CS|TAMS 0x0000000709300000, 0x0000000709300000| Complete 
| 120|0x0000000709400000, 0x0000000709500000, 0x0000000709500000|100%| S|CS|TAMS 0x0000000709400000, 0x0000000709400000| Complete 
| 121|0x0000000709500000, 0x0000000709500000, 0x0000000709600000|  0%| F|  |TAMS 0x0000000709500000, 0x0000000709500000| Untracked 
| 122|0x0000000709600000, 0x0000000709600000, 0x0000000709700000|  0%| F|  |TAMS 0x0000000709600000, 0x0000000709600000| Untracked 
| 123|0x0000000709700000, 0x0000000709700000, 0x0000000709800000|  0%| F|  |TAMS 0x0000000709700000, 0x0000000709700000| Untracked 
| 124|0x0000000709800000, 0x0000000709800000, 0x0000000709900000|  0%| F|  |TAMS 0x0000000709800000, 0x0000000709800000| Untracked 
| 125|0x0000000709900000, 0x0000000709900000, 0x0000000709a00000|  0%| F|  |TAMS 0x0000000709900000, 0x0000000709900000| Untracked 
| 126|0x0000000709a00000, 0x0000000709a00000, 0x0000000709b00000|  0%| F|  |TAMS 0x0000000709a00000, 0x0000000709a00000| Untracked 
| 127|0x0000000709b00000, 0x0000000709b00000, 0x0000000709c00000|  0%| F|  |TAMS 0x0000000709b00000, 0x0000000709b00000| Untracked 
| 128|0x0000000709c00000, 0x0000000709c00000, 0x0000000709d00000|  0%| F|  |TAMS 0x0000000709c00000, 0x0000000709c00000| Untracked 
| 129|0x0000000709d00000, 0x0000000709d00000, 0x0000000709e00000|  0%| F|  |TAMS 0x0000000709d00000, 0x0000000709d00000| Untracked 
| 130|0x0000000709e00000, 0x0000000709e00000, 0x0000000709f00000|  0%| F|  |TAMS 0x0000000709e00000, 0x0000000709e00000| Untracked 
| 131|0x0000000709f00000, 0x0000000709f00000, 0x000000070a000000|  0%| F|  |TAMS 0x0000000709f00000, 0x0000000709f00000| Untracked 
| 132|0x000000070a000000, 0x000000070a000000, 0x000000070a100000|  0%| F|  |TAMS 0x000000070a000000, 0x000000070a000000| Untracked 
| 133|0x000000070a100000, 0x000000070a100000, 0x000000070a200000|  0%| F|  |TAMS 0x000000070a100000, 0x000000070a100000| Untracked 
| 134|0x000000070a200000, 0x000000070a200000, 0x000000070a300000|  0%| F|  |TAMS 0x000000070a200000, 0x000000070a200000| Untracked 
| 135|0x000000070a300000, 0x000000070a380800, 0x000000070a400000| 50%| E|  |TAMS 0x000000070a300000, 0x000000070a300000| Complete 
| 136|0x000000070a400000, 0x000000070a500000, 0x000000070a500000|100%| E|CS|TAMS 0x000000070a400000, 0x000000070a400000| Complete 
| 137|0x000000070a500000, 0x000000070a600000, 0x000000070a600000|100%| E|CS|TAMS 0x000000070a500000, 0x000000070a500000| Complete 
| 138|0x000000070a600000, 0x000000070a700000, 0x000000070a700000|100%| E|CS|TAMS 0x000000070a600000, 0x000000070a600000| Complete 
| 139|0x000000070a700000, 0x000000070a800000, 0x000000070a800000|100%| E|CS|TAMS 0x000000070a700000, 0x000000070a700000| Complete 
| 140|0x000000070a800000, 0x000000070a900000, 0x000000070a900000|100%| E|CS|TAMS 0x000000070a800000, 0x000000070a800000| Complete 
| 141|0x000000070a900000, 0x000000070aa00000, 0x000000070aa00000|100%| E|CS|TAMS 0x000000070a900000, 0x000000070a900000| Complete 
| 142|0x000000070aa00000, 0x000000070ab00000, 0x000000070ab00000|100%| E|CS|TAMS 0x000000070aa00000, 0x000000070aa00000| Complete 
| 143|0x000000070ab00000, 0x000000070ac00000, 0x000000070ac00000|100%| E|CS|TAMS 0x000000070ab00000, 0x000000070ab00000| Complete 
| 144|0x000000070ac00000, 0x000000070ad00000, 0x000000070ad00000|100%| E|CS|TAMS 0x000000070ac00000, 0x000000070ac00000| Complete 
| 145|0x000000070ad00000, 0x000000070ae00000, 0x000000070ae00000|100%| E|CS|TAMS 0x000000070ad00000, 0x000000070ad00000| Complete 
| 146|0x000000070ae00000, 0x000000070af00000, 0x000000070af00000|100%| E|CS|TAMS 0x000000070ae00000, 0x000000070ae00000| Complete 
| 147|0x000000070af00000, 0x000000070b000000, 0x000000070b000000|100%| E|CS|TAMS 0x000000070af00000, 0x000000070af00000| Complete 
| 148|0x000000070b000000, 0x000000070b100000, 0x000000070b100000|100%| E|CS|TAMS 0x000000070b000000, 0x000000070b000000| Complete 
| 149|0x000000070b100000, 0x000000070b200000, 0x000000070b200000|100%| E|CS|TAMS 0x000000070b100000, 0x000000070b100000| Complete 
| 150|0x000000070b200000, 0x000000070b300000, 0x000000070b300000|100%| E|CS|TAMS 0x000000070b200000, 0x000000070b200000| Complete 
| 151|0x000000070b300000, 0x000000070b400000, 0x000000070b400000|100%| E|CS|TAMS 0x000000070b300000, 0x000000070b300000| Complete 
| 152|0x000000070b400000, 0x000000070b500000, 0x000000070b500000|100%| E|CS|TAMS 0x000000070b400000, 0x000000070b400000| Complete 
| 153|0x000000070b500000, 0x000000070b600000, 0x000000070b600000|100%| E|CS|TAMS 0x000000070b500000, 0x000000070b500000| Complete 
| 154|0x000000070b600000, 0x000000070b700000, 0x000000070b700000|100%| E|CS|TAMS 0x000000070b600000, 0x000000070b600000| Complete 
| 155|0x000000070b700000, 0x000000070b800000, 0x000000070b800000|100%| E|CS|TAMS 0x000000070b700000, 0x000000070b700000| Complete 
| 156|0x000000070b800000, 0x000000070b900000, 0x000000070b900000|100%| E|CS|TAMS 0x000000070b800000, 0x000000070b800000| Complete 
| 157|0x000000070b900000, 0x000000070ba00000, 0x000000070ba00000|100%| E|CS|TAMS 0x000000070b900000, 0x000000070b900000| Complete 
| 158|0x000000070ba00000, 0x000000070bb00000, 0x000000070bb00000|100%| E|CS|TAMS 0x000000070ba00000, 0x000000070ba00000| Complete 
| 159|0x000000070bb00000, 0x000000070bc00000, 0x000000070bc00000|100%| E|CS|TAMS 0x000000070bb00000, 0x000000070bb00000| Complete 
| 160|0x000000070bc00000, 0x000000070bd00000, 0x000000070bd00000|100%| E|CS|TAMS 0x000000070bc00000, 0x000000070bc00000| Complete 
| 161|0x000000070bd00000, 0x000000070be00000, 0x000000070be00000|100%| E|CS|TAMS 0x000000070bd00000, 0x000000070bd00000| Complete 
| 162|0x000000070be00000, 0x000000070bf00000, 0x000000070bf00000|100%| E|CS|TAMS 0x000000070be00000, 0x000000070be00000| Complete 
| 163|0x000000070bf00000, 0x000000070c000000, 0x000000070c000000|100%| E|CS|TAMS 0x000000070bf00000, 0x000000070bf00000| Complete 
| 164|0x000000070c000000, 0x000000070c100000, 0x000000070c100000|100%| E|CS|TAMS 0x000000070c000000, 0x000000070c000000| Complete 
| 165|0x000000070c100000, 0x000000070c200000, 0x000000070c200000|100%| E|CS|TAMS 0x000000070c100000, 0x000000070c100000| Complete 
| 166|0x000000070c200000, 0x000000070c300000, 0x000000070c300000|100%| E|CS|TAMS 0x000000070c200000, 0x000000070c200000| Complete 
| 167|0x000000070c300000, 0x000000070c400000, 0x000000070c400000|100%| E|CS|TAMS 0x000000070c300000, 0x000000070c300000| Complete 
| 168|0x000000070c400000, 0x000000070c500000, 0x000000070c500000|100%| E|CS|TAMS 0x000000070c400000, 0x000000070c400000| Complete 
| 169|0x000000070c500000, 0x000000070c600000, 0x000000070c600000|100%| E|CS|TAMS 0x000000070c500000, 0x000000070c500000| Complete 
| 170|0x000000070c600000, 0x000000070c700000, 0x000000070c700000|100%| E|CS|TAMS 0x000000070c600000, 0x000000070c600000| Complete 
| 171|0x000000070c700000, 0x000000070c800000, 0x000000070c800000|100%| E|CS|TAMS 0x000000070c700000, 0x000000070c700000| Complete 
| 172|0x000000070c800000, 0x000000070c900000, 0x000000070c900000|100%| E|CS|TAMS 0x000000070c800000, 0x000000070c800000| Complete 
| 173|0x000000070c900000, 0x000000070ca00000, 0x000000070ca00000|100%| E|CS|TAMS 0x000000070c900000, 0x000000070c900000| Complete 
| 174|0x000000070ca00000, 0x000000070cb00000, 0x000000070cb00000|100%| E|CS|TAMS 0x000000070ca00000, 0x000000070ca00000| Complete 
| 175|0x000000070cb00000, 0x000000070cc00000, 0x000000070cc00000|100%| E|CS|TAMS 0x000000070cb00000, 0x000000070cb00000| Complete 
| 176|0x000000070cc00000, 0x000000070cd00000, 0x000000070cd00000|100%| E|CS|TAMS 0x000000070cc00000, 0x000000070cc00000| Complete 
| 177|0x000000070cd00000, 0x000000070ce00000, 0x000000070ce00000|100%| E|CS|TAMS 0x000000070cd00000, 0x000000070cd00000| Complete 
| 178|0x000000070ce00000, 0x000000070cf00000, 0x000000070cf00000|100%| E|CS|TAMS 0x000000070ce00000, 0x000000070ce00000| Complete 
| 179|0x000000070cf00000, 0x000000070d000000, 0x000000070d000000|100%| E|CS|TAMS 0x000000070cf00000, 0x000000070cf00000| Complete 
| 180|0x000000070d000000, 0x000000070d100000, 0x000000070d100000|100%| E|CS|TAMS 0x000000070d000000, 0x000000070d000000| Complete 
| 181|0x000000070d100000, 0x000000070d200000, 0x000000070d200000|100%| E|CS|TAMS 0x000000070d100000, 0x000000070d100000| Complete 
| 182|0x000000070d200000, 0x000000070d300000, 0x000000070d300000|100%| E|CS|TAMS 0x000000070d200000, 0x000000070d200000| Complete 
| 183|0x000000070d300000, 0x000000070d400000, 0x000000070d400000|100%| E|CS|TAMS 0x000000070d300000, 0x000000070d300000| Complete 
| 184|0x000000070d400000, 0x000000070d500000, 0x000000070d500000|100%| E|CS|TAMS 0x000000070d400000, 0x000000070d400000| Complete 
| 185|0x000000070d500000, 0x000000070d600000, 0x000000070d600000|100%| E|CS|TAMS 0x000000070d500000, 0x000000070d500000| Complete 
| 186|0x000000070d600000, 0x000000070d700000, 0x000000070d700000|100%| E|CS|TAMS 0x000000070d600000, 0x000000070d600000| Complete 
| 187|0x000000070d700000, 0x000000070d800000, 0x000000070d800000|100%| E|CS|TAMS 0x000000070d700000, 0x000000070d700000| Complete 
| 188|0x000000070d800000, 0x000000070d900000, 0x000000070d900000|100%| E|CS|TAMS 0x000000070d800000, 0x000000070d800000| Complete 
| 189|0x000000070d900000, 0x000000070da00000, 0x000000070da00000|100%| E|CS|TAMS 0x000000070d900000, 0x000000070d900000| Complete 
| 190|0x000000070da00000, 0x000000070db00000, 0x000000070db00000|100%| E|CS|TAMS 0x000000070da00000, 0x000000070da00000| Complete 
| 191|0x000000070db00000, 0x000000070dc00000, 0x000000070dc00000|100%| E|CS|TAMS 0x000000070db00000, 0x000000070db00000| Complete 
| 192|0x000000070dc00000, 0x000000070dd00000, 0x000000070dd00000|100%| E|CS|TAMS 0x000000070dc00000, 0x000000070dc00000| Complete 
| 193|0x000000070dd00000, 0x000000070de00000, 0x000000070de00000|100%| E|CS|TAMS 0x000000070dd00000, 0x000000070dd00000| Complete 
| 194|0x000000070de00000, 0x000000070df00000, 0x000000070df00000|100%| E|CS|TAMS 0x000000070de00000, 0x000000070de00000| Complete 
| 195|0x000000070df00000, 0x000000070e000000, 0x000000070e000000|100%| E|CS|TAMS 0x000000070df00000, 0x000000070df00000| Complete 
| 196|0x000000070e000000, 0x000000070e100000, 0x000000070e100000|100%| E|CS|TAMS 0x000000070e000000, 0x000000070e000000| Complete 
| 197|0x000000070e100000, 0x000000070e200000, 0x000000070e200000|100%| E|CS|TAMS 0x000000070e100000, 0x000000070e100000| Complete 
| 198|0x000000070e200000, 0x000000070e300000, 0x000000070e300000|100%| E|CS|TAMS 0x000000070e200000, 0x000000070e200000| Complete 
| 199|0x000000070e300000, 0x000000070e400000, 0x000000070e400000|100%| E|CS|TAMS 0x000000070e300000, 0x000000070e300000| Complete 
| 200|0x000000070e400000, 0x000000070e500000, 0x000000070e500000|100%| E|CS|TAMS 0x000000070e400000, 0x000000070e400000| Complete 
| 201|0x000000070e500000, 0x000000070e600000, 0x000000070e600000|100%| E|CS|TAMS 0x000000070e500000, 0x000000070e500000| Complete 
| 202|0x000000070e600000, 0x000000070e700000, 0x000000070e700000|100%| E|CS|TAMS 0x000000070e600000, 0x000000070e600000| Complete 
| 203|0x000000070e700000, 0x000000070e800000, 0x000000070e800000|100%| E|CS|TAMS 0x000000070e700000, 0x000000070e700000| Complete 
| 204|0x000000070e800000, 0x000000070e900000, 0x000000070e900000|100%| E|CS|TAMS 0x000000070e800000, 0x000000070e800000| Complete 
| 205|0x000000070e900000, 0x000000070ea00000, 0x000000070ea00000|100%| E|CS|TAMS 0x000000070e900000, 0x000000070e900000| Complete 
| 206|0x000000070ea00000, 0x000000070eb00000, 0x000000070eb00000|100%| E|CS|TAMS 0x000000070ea00000, 0x000000070ea00000| Complete 
| 207|0x000000070eb00000, 0x000000070ec00000, 0x000000070ec00000|100%| E|CS|TAMS 0x000000070eb00000, 0x000000070eb00000| Complete 
| 208|0x000000070ec00000, 0x000000070ed00000, 0x000000070ed00000|100%| E|CS|TAMS 0x000000070ec00000, 0x000000070ec00000| Complete 
| 209|0x000000070ed00000, 0x000000070ee00000, 0x000000070ee00000|100%| E|CS|TAMS 0x000000070ed00000, 0x000000070ed00000| Complete 
| 210|0x000000070ee00000, 0x000000070ef00000, 0x000000070ef00000|100%| E|CS|TAMS 0x000000070ee00000, 0x000000070ee00000| Complete 
| 211|0x000000070ef00000, 0x000000070f000000, 0x000000070f000000|100%| E|CS|TAMS 0x000000070ef00000, 0x000000070ef00000| Complete 
| 212|0x000000070f000000, 0x000000070f100000, 0x000000070f100000|100%| E|CS|TAMS 0x000000070f000000, 0x000000070f000000| Complete 
| 213|0x000000070f100000, 0x000000070f200000, 0x000000070f200000|100%| E|CS|TAMS 0x000000070f100000, 0x000000070f100000| Complete 
| 214|0x000000070f200000, 0x000000070f300000, 0x000000070f300000|100%| E|CS|TAMS 0x000000070f200000, 0x000000070f200000| Complete 
| 215|0x000000070f300000, 0x000000070f400000, 0x000000070f400000|100%| E|CS|TAMS 0x000000070f300000, 0x000000070f300000| Complete 
| 216|0x000000070f400000, 0x000000070f500000, 0x000000070f500000|100%| E|CS|TAMS 0x000000070f400000, 0x000000070f400000| Complete 
| 217|0x000000070f500000, 0x000000070f600000, 0x000000070f600000|100%| E|CS|TAMS 0x000000070f500000, 0x000000070f500000| Complete 
| 218|0x000000070f600000, 0x000000070f700000, 0x000000070f700000|100%| E|CS|TAMS 0x000000070f600000, 0x000000070f600000| Complete 
| 219|0x000000070f700000, 0x000000070f800000, 0x000000070f800000|100%| E|CS|TAMS 0x000000070f700000, 0x000000070f700000| Complete 
| 220|0x000000070f800000, 0x000000070f900000, 0x000000070f900000|100%| E|CS|TAMS 0x000000070f800000, 0x000000070f800000| Complete 
| 221|0x000000070f900000, 0x000000070fa00000, 0x000000070fa00000|100%| E|CS|TAMS 0x000000070f900000, 0x000000070f900000| Complete 
| 222|0x000000070fa00000, 0x000000070fb00000, 0x000000070fb00000|100%| E|CS|TAMS 0x000000070fa00000, 0x000000070fa00000| Complete 
| 223|0x000000070fb00000, 0x000000070fc00000, 0x000000070fc00000|100%| E|CS|TAMS 0x000000070fb00000, 0x000000070fb00000| Complete 
| 224|0x000000070fc00000, 0x000000070fd00000, 0x000000070fd00000|100%| E|CS|TAMS 0x000000070fc00000, 0x000000070fc00000| Complete 
| 225|0x000000070fd00000, 0x000000070fe00000, 0x000000070fe00000|100%| E|CS|TAMS 0x000000070fd00000, 0x000000070fd00000| Complete 
| 226|0x000000070fe00000, 0x000000070ff00000, 0x000000070ff00000|100%| E|CS|TAMS 0x000000070fe00000, 0x000000070fe00000| Complete 
| 227|0x000000070ff00000, 0x0000000710000000, 0x0000000710000000|100%| E|CS|TAMS 0x000000070ff00000, 0x000000070ff00000| Complete 
| 228|0x0000000710000000, 0x0000000710100000, 0x0000000710100000|100%| E|CS|TAMS 0x0000000710000000, 0x0000000710000000| Complete 
| 229|0x0000000710100000, 0x0000000710200000, 0x0000000710200000|100%| E|CS|TAMS 0x0000000710100000, 0x0000000710100000| Complete 
| 230|0x0000000710200000, 0x0000000710300000, 0x0000000710300000|100%| E|CS|TAMS 0x0000000710200000, 0x0000000710200000| Complete 
| 231|0x0000000710300000, 0x0000000710400000, 0x0000000710400000|100%| E|CS|TAMS 0x0000000710300000, 0x0000000710300000| Complete 
| 232|0x0000000710400000, 0x0000000710500000, 0x0000000710500000|100%| E|CS|TAMS 0x0000000710400000, 0x0000000710400000| Complete 
| 233|0x0000000710500000, 0x0000000710600000, 0x0000000710600000|100%| E|CS|TAMS 0x0000000710500000, 0x0000000710500000| Complete 
| 234|0x0000000710600000, 0x0000000710700000, 0x0000000710700000|100%| E|CS|TAMS 0x0000000710600000, 0x0000000710600000| Complete 
| 235|0x0000000710700000, 0x0000000710800000, 0x0000000710800000|100%| E|CS|TAMS 0x0000000710700000, 0x0000000710700000| Complete 
| 236|0x0000000710800000, 0x0000000710900000, 0x0000000710900000|100%| E|CS|TAMS 0x0000000710800000, 0x0000000710800000| Complete 
| 237|0x0000000710900000, 0x0000000710a00000, 0x0000000710a00000|100%| E|CS|TAMS 0x0000000710900000, 0x0000000710900000| Complete 
| 238|0x0000000710a00000, 0x0000000710b00000, 0x0000000710b00000|100%| E|CS|TAMS 0x0000000710a00000, 0x0000000710a00000| Complete 
| 239|0x0000000710b00000, 0x0000000710c00000, 0x0000000710c00000|100%| E|CS|TAMS 0x0000000710b00000, 0x0000000710b00000| Complete 
| 240|0x0000000710c00000, 0x0000000710d00000, 0x0000000710d00000|100%| E|CS|TAMS 0x0000000710c00000, 0x0000000710c00000| Complete 
| 241|0x0000000710d00000, 0x0000000710e00000, 0x0000000710e00000|100%| E|CS|TAMS 0x0000000710d00000, 0x0000000710d00000| Complete 
| 242|0x0000000710e00000, 0x0000000710f00000, 0x0000000710f00000|100%| E|CS|TAMS 0x0000000710e00000, 0x0000000710e00000| Complete 
| 243|0x0000000710f00000, 0x0000000711000000, 0x0000000711000000|100%| E|CS|TAMS 0x0000000710f00000, 0x0000000710f00000| Complete 
| 244|0x0000000711000000, 0x0000000711100000, 0x0000000711100000|100%| E|CS|TAMS 0x0000000711000000, 0x0000000711000000| Complete 
| 245|0x0000000711100000, 0x0000000711200000, 0x0000000711200000|100%| E|CS|TAMS 0x0000000711100000, 0x0000000711100000| Complete 
| 246|0x0000000711200000, 0x0000000711300000, 0x0000000711300000|100%| E|CS|TAMS 0x0000000711200000, 0x0000000711200000| Complete 
| 247|0x0000000711300000, 0x0000000711400000, 0x0000000711400000|100%| E|CS|TAMS 0x0000000711300000, 0x0000000711300000| Complete 
| 248|0x0000000711400000, 0x0000000711500000, 0x0000000711500000|100%| E|CS|TAMS 0x0000000711400000, 0x0000000711400000| Complete 
| 249|0x0000000711500000, 0x0000000711600000, 0x0000000711600000|100%| E|CS|TAMS 0x0000000711500000, 0x0000000711500000| Complete 
| 250|0x0000000711600000, 0x0000000711700000, 0x0000000711700000|100%| E|CS|TAMS 0x0000000711600000, 0x0000000711600000| Complete 
| 251|0x0000000711700000, 0x0000000711800000, 0x0000000711800000|100%| E|CS|TAMS 0x0000000711700000, 0x0000000711700000| Complete 
| 252|0x0000000711800000, 0x0000000711900000, 0x0000000711900000|100%| E|CS|TAMS 0x0000000711800000, 0x0000000711800000| Complete 
| 253|0x0000000711900000, 0x0000000711a00000, 0x0000000711a00000|100%| E|CS|TAMS 0x0000000711900000, 0x0000000711900000| Complete 
| 254|0x0000000711a00000, 0x0000000711b00000, 0x0000000711b00000|100%| E|CS|TAMS 0x0000000711a00000, 0x0000000711a00000| Complete 
| 255|0x0000000711b00000, 0x0000000711c00000, 0x0000000711c00000|100%| E|CS|TAMS 0x0000000711b00000, 0x0000000711b00000| Complete 

Card table byte_map: [0x0000017900910000,0x0000017901110000] _byte_map_base: 0x00000178fd102000

Marking Bits (Prev, Next): (CMBitMap*) 0x000001796867e900, (CMBitMap*) 0x000001796867e8c8
 Prev Bits: [0x00000179058a0000, 0x0000017909830000)
 Next Bits: [0x0000017901910000, 0x00000179058a0000)

Polling page: 0x0000017966600000

Metaspace:

Usage:
  Non-class:     72.63 MB capacity,    71.47 MB ( 98%) used,   930.26 KB (  1%) free+waste,   264.13 KB ( <1%) overhead. 
      Class:     11.11 MB capacity,    10.33 MB ( 93%) used,   678.38 KB (  6%) free+waste,   122.44 KB (  1%) overhead. 
       Both:     83.74 MB capacity,    81.79 MB ( 98%) used,     1.57 MB (  2%) free+waste,   386.56 KB ( <1%) overhead. 

Virtual space:
  Non-class space:       74.00 MB reserved,      72.75 MB ( 98%) committed 
      Class space:        1.00 GB reserved,      11.21 MB (  1%) committed 
             Both:        1.07 GB reserved,      83.96 MB (  8%) committed 

Chunk freelists:
   Non-Class:  57.00 KB
       Class:  16.00 KB
        Both:  73.00 KB

MaxMetaspaceSize: 17179869184.00 GB
CompressedClassSpaceSize: 1.00 GB

CodeHeap 'non-profiled nmethods': size=120000Kb used=5434Kb max_used=5434Kb free=114565Kb
 bounds [0x00000179787f0000, 0x0000017978d40000, 0x000001797fd20000]
CodeHeap 'profiled nmethods': size=120000Kb used=16287Kb max_used=16287Kb free=103712Kb
 bounds [0x00000179712c0000, 0x00000179722b0000, 0x00000179787f0000]
CodeHeap 'non-nmethods': size=5760Kb used=1282Kb max_used=1333Kb free=4477Kb
 bounds [0x0000017970d20000, 0x0000017970f90000, 0x00000179712c0000]
 total_blobs=8037 nmethods=7374 adapters=573
 compilation: enabled
              stopped_count=0, restarted_count=0
 full_count=0

Compilation events (20 events):
Event: 4184.007 Thread 0x000001790ccc2000 7512       4       java.util.concurrent.ScheduledThreadPoolExecutor$DelayedWorkQueue::finishPoll (43 bytes)
Event: 4184.017 Thread 0x000001790ccc2000 nmethod 7512 0x0000017978d37e10 code [0x0000017978d38000, 0x0000017978d389d8]
Event: 4184.878 Thread 0x000001790ccc2000 7513       4       java.util.concurrent.ScheduledThreadPoolExecutor$DelayedWorkQueue::take (5 bytes)
Event: 4184.930 Thread 0x000001790ccc2000 nmethod 7513 0x0000017978d39010 code [0x0000017978d39340, 0x0000017978d3b858]
Event: 4187.418 Thread 0x000001790ccc2000 7514       4       java.util.concurrent.ScheduledThreadPoolExecutor$ScheduledFutureTask::run (57 bytes)
Event: 4187.425 Thread 0x000001790ccc2000 nmethod 7514 0x0000017978d3cc90 code [0x0000017978d3cea0, 0x0000017978d3d400]
Event: 4241.589 Thread 0x000001790ccc6000 7515       3       com.zaxxer.hikari.util.ClockSource::currentTime (9 bytes)
Event: 4241.589 Thread 0x000001790ccc6000 nmethod 7515 0x00000179722a5d90 code [0x00000179722a5f40, 0x00000179722a60b8]
Event: 4241.589 Thread 0x000001790ccc6000 7516       3       com.zaxxer.hikari.util.ClockSource$NanosecondClockSource::currentTime0 (4 bytes)
Event: 4241.589 Thread 0x000001790ccc6000 nmethod 7516 0x00000179722a6190 code [0x00000179722a6340, 0x00000179722a6458]
Event: 4677.775 Thread 0x000001790ccc2000 7517       4       java.lang.String::equals (65 bytes)
Event: 4677.776 Thread 0x000001790ccc2000 nmethod 7517 0x0000017978d3da10 code [0x0000017978d3dba0, 0x0000017978d3de38]
Event: 4754.658 Thread 0x000001790ccc6000 7518       3       java.util.concurrent.FutureTask::isDone (13 bytes)
Event: 4754.658 Thread 0x000001790ccc6000 nmethod 7518 0x00000179722a6510 code [0x00000179722a66c0, 0x00000179722a6818]
Event: 4930.888 Thread 0x000001790ccc2000 7519   !   4       java.util.concurrent.ThreadPoolExecutor::getTask (177 bytes)
Event: 4930.892 Thread 0x000001790ccc2000 nmethod 7519 0x0000017978d3df10 code [0x0000017978d3e100, 0x0000017978d3e4d0]
Event: 4961.770 Thread 0x000001790ccc6000 7520       3       com.zaxxer.hikari.util.ConcurrentBag::getCount (49 bytes)
Event: 4961.770 Thread 0x000001790ccc6000 nmethod 7520 0x00000179722a6890 code [0x00000179722a6b00, 0x00000179722a7678]
Event: 5120.832 Thread 0x000001790ccc6000 7521       3       java.util.regex.Matcher::getSubSequence (12 bytes)
Event: 5120.833 Thread 0x000001790ccc6000 nmethod 7521 0x00000179722a7a10 code [0x00000179722a7bc0, 0x00000179722a7d88]

GC Heap History (16 events):
Event: 1.488 GC heap before
{Heap before GC invocations=0 (full 0):
 garbage-first heap   total 262144K, used 25600K [0x0000000701c00000, 0x0000000800000000)
  region size 1024K, 24 young (24576K), 0 survivors (0K)
 Metaspace       used 11881K, capacity 12092K, committed 12288K, reserved 1060864K
  class space    used 1182K, capacity 1252K, committed 1280K, reserved 1048576K
}
Event: 1.495 GC heap after
{Heap after GC invocations=1 (full 0):
 garbage-first heap   total 262144K, used 6712K [0x0000000701c00000, 0x0000000800000000)
  region size 1024K, 3 young (3072K), 3 survivors (3072K)
 Metaspace       used 11881K, capacity 12092K, committed 12288K, reserved 1060864K
  class space    used 1182K, capacity 1252K, committed 1280K, reserved 1048576K
}
Event: 2.558 GC heap before
{Heap before GC invocations=1 (full 0):
 garbage-first heap   total 262144K, used 45624K [0x0000000701c00000, 0x0000000800000000)
  region size 1024K, 42 young (43008K), 3 survivors (3072K)
 Metaspace       used 20559K, capacity 21025K, committed 21248K, reserved 1069056K
  class space    used 2356K, capacity 2532K, committed 2560K, reserved 1048576K
}
Event: 2.566 GC heap after
{Heap after GC invocations=2 (full 0):
 garbage-first heap   total 262144K, used 8760K [0x0000000701c00000, 0x0000000800000000)
  region size 1024K, 5 young (5120K), 5 survivors (5120K)
 Metaspace       used 20559K, capacity 21025K, committed 21248K, reserved 1069056K
  class space    used 2356K, capacity 2532K, committed 2560K, reserved 1048576K
}
Event: 2.924 GC heap before
{Heap before GC invocations=3 (full 0):
 garbage-first heap   total 262144K, used 29240K [0x0000000701c00000, 0x0000000800000000)
  region size 1024K, 25 young (25600K), 5 survivors (5120K)
 Metaspace       used 23791K, capacity 24319K, committed 24576K, reserved 1071104K
  class space    used 2770K, capacity 2993K, committed 3072K, reserved 1048576K
}
Event: 2.929 GC heap after
{Heap after GC invocations=4 (full 0):
 garbage-first heap   total 262144K, used 9642K [0x0000000701c00000, 0x0000000800000000)
  region size 1024K, 3 young (3072K), 3 survivors (3072K)
 Metaspace       used 23791K, capacity 24319K, committed 24576K, reserved 1071104K
  class space    used 2770K, capacity 2993K, committed 3072K, reserved 1048576K
}
Event: 3.699 GC heap before
{Heap before GC invocations=4 (full 0):
 garbage-first heap   total 262144K, used 63914K [0x0000000701c00000, 0x0000000800000000)
  region size 1024K, 57 young (58368K), 3 survivors (3072K)
 Metaspace       used 27744K, capacity 28327K, committed 28416K, reserved 1075200K
  class space    used 3245K, capacity 3518K, committed 3584K, reserved 1048576K
}
Event: 3.703 GC heap after
{Heap after GC invocations=5 (full 0):
 garbage-first heap   total 262144K, used 10893K [0x0000000701c00000, 0x0000000800000000)
  region size 1024K, 5 young (5120K), 5 survivors (5120K)
 Metaspace       used 27744K, capacity 28327K, committed 28416K, reserved 1075200K
  class space    used 3245K, capacity 3518K, committed 3584K, reserved 1048576K
}
Event: 6.692 GC heap before
{Heap before GC invocations=5 (full 0):
 garbage-first heap   total 262144K, used 91789K [0x0000000701c00000, 0x0000000800000000)
  region size 1024K, 86 young (88064K), 5 survivors (5120K)
 Metaspace       used 34596K, capacity 35430K, committed 35584K, reserved 1081344K
  class space    used 4147K, capacity 4500K, committed 4608K, reserved 1048576K
}
Event: 6.705 GC heap after
{Heap after GC invocations=6 (full 0):
 garbage-first heap   total 262144K, used 14112K [0x0000000701c00000, 0x0000000800000000)
  region size 1024K, 8 young (8192K), 8 survivors (8192K)
 Metaspace       used 34596K, capacity 35430K, committed 35584K, reserved 1081344K
  class space    used 4147K, capacity 4500K, committed 4608K, reserved 1048576K
}
Event: 11.519 GC heap before
{Heap before GC invocations=7 (full 0):
 garbage-first heap   total 262144K, used 161568K [0x0000000701c00000, 0x0000000800000000)
  region size 1024K, 153 young (156672K), 8 survivors (8192K)
 Metaspace       used 50800K, capacity 52040K, committed 52224K, reserved 1095680K
  class space    used 6292K, capacity 6794K, committed 6912K, reserved 1048576K
}
Event: 11.533 GC heap after
{Heap after GC invocations=8 (full 0):
 garbage-first heap   total 262144K, used 20009K [0x0000000701c00000, 0x0000000800000000)
  region size 1024K, 13 young (13312K), 13 survivors (13312K)
 Metaspace       used 50800K, capacity 52040K, committed 52224K, reserved 1095680K
  class space    used 6292K, capacity 6794K, committed 6912K, reserved 1048576K
}
Event: 12.592 GC heap before
{Heap before GC invocations=8 (full 0):
 garbage-first heap   total 262144K, used 60969K [0x0000000701c00000, 0x0000000800000000)
  region size 1024K, 54 young (55296K), 13 survivors (13312K)
 Metaspace       used 58356K, capacity 59653K, committed 59736K, reserved 1101824K
  class space    used 7427K, capacity 7947K, committed 8024K, reserved 1048576K
}
Event: 12.619 GC heap after
{Heap after GC invocations=9 (full 0):
 garbage-first heap   total 262144K, used 21701K [0x0000000701c00000, 0x0000000800000000)
  region size 1024K, 12 young (12288K), 12 survivors (12288K)
 Metaspace       used 58356K, capacity 59653K, committed 59736K, reserved 1101824K
  class space    used 7427K, capacity 7947K, committed 8024K, reserved 1048576K
}
Event: 14.954 GC heap before
{Heap before GC invocations=10 (full 0):
 garbage-first heap   total 262144K, used 147653K [0x0000000701c00000, 0x0000000800000000)
  region size 1024K, 135 young (138240K), 12 survivors (12288K)
 Metaspace       used 68188K, capacity 69923K, committed 70232K, reserved 1110016K
  class space    used 8779K, capacity 9473K, committed 9560K, reserved 1048576K
}
Event: 14.967 GC heap after
{Heap after GC invocations=11 (full 0):
 garbage-first heap   total 262144K, used 26746K [0x0000000701c00000, 0x0000000800000000)
  region size 1024K, 13 young (13312K), 13 survivors (13312K)
 Metaspace       used 68188K, capacity 69923K, committed 70232K, reserved 1110016K
  class space    used 8779K, capacity 9473K, committed 9560K, reserved 1048576K
}

Deoptimization events (20 events):
Event: 275.753 Thread 0x000001790dac5000 DEOPT PACKING pc=0x00000179720dd9b4 sp=0x0000004c474fdfc0
Event: 275.753 Thread 0x000001790dac5000 DEOPT UNPACKING pc=0x0000017970d4705e sp=0x0000004c474fd478 mode 0
Event: 275.753 Thread 0x000001790dac5000 DEOPT PACKING pc=0x00000179720dd9b4 sp=0x0000004c474fdf80
Event: 275.753 Thread 0x000001790dac5000 DEOPT UNPACKING pc=0x0000017970d4705e sp=0x0000004c474fd438 mode 0
Event: 275.754 Thread 0x000001790dac5000 DEOPT PACKING pc=0x00000179720dd9b4 sp=0x0000004c474fdcb0
Event: 275.754 Thread 0x000001790dac5000 DEOPT UNPACKING pc=0x0000017970d4705e sp=0x0000004c474fd168 mode 0
Event: 275.754 Thread 0x000001790dac5000 DEOPT PACKING pc=0x00000179720ddbe9 sp=0x0000004c474fdd70
Event: 275.754 Thread 0x000001790dac5000 DEOPT UNPACKING pc=0x0000017970d4705e sp=0x0000004c474fd228 mode 0
Event: 1521.087 Thread 0x000001790dac5800 DEOPT PACKING pc=0x000001797203f796 sp=0x0000004c4a3fe5c0
Event: 1521.088 Thread 0x000001790dac5800 DEOPT UNPACKING pc=0x0000017970d4705e sp=0x0000004c4a3fda78 mode 0
Event: 1521.088 Thread 0x000001790dac5800 DEOPT PACKING pc=0x000001797203f796 sp=0x0000004c4a3fe640
Event: 1521.088 Thread 0x000001790dac5800 DEOPT UNPACKING pc=0x0000017970d4705e sp=0x0000004c4a3fdaf8 mode 0
Event: 1521.166 Thread 0x000001790dac5800 DEOPT PACKING pc=0x00000179721c71e7 sp=0x0000004c4a3fb2c0
Event: 1521.167 Thread 0x000001790dac5800 DEOPT UNPACKING pc=0x0000017970d4705e sp=0x0000004c4a3fa848 mode 0
Event: 1521.178 Thread 0x000001790dac5800 Uncommon trap: trap_request=0xffffff4d fr.pc=0x00000179789134d0 relative=0x00000000000001b0
Event: 1521.178 Thread 0x000001790dac5800 Uncommon trap: reason=unstable_if action=reinterpret pc=0x00000179789134d0 method=java.lang.String.equals(Ljava/lang/Object;)Z @ 34 c2
Event: 1521.178 Thread 0x000001790dac5800 DEOPT PACKING pc=0x00000179789134d0 sp=0x0000004c4a3fdae0
Event: 1521.178 Thread 0x000001790dac5800 DEOPT UNPACKING pc=0x0000017970d468af sp=0x0000004c4a3fda78 mode 2
Event: 3595.129 Thread 0x000001790dac8000 DEOPT PACKING pc=0x00000179720f4a60 sp=0x0000004c487fe2b0
Event: 3595.129 Thread 0x000001790dac8000 DEOPT UNPACKING pc=0x0000017970d4705e sp=0x0000004c487fd748 mode 0

Classes redefined (0 events):
No events

Internal exceptions (20 events):
Event: 15.743 Thread 0x0000017968618000 Exception <a 'java/lang/ClassNotFoundException'{0x000000070f61e530}: org/springframework/beans/factory/AwareCustomizer> (0x000000070f61e530) thrown at [./src/hotspot/share/classfile/systemDictionary.cpp, line 231]
Event: 15.784 Thread 0x0000017968618000 Exception <a 'java/lang/NoSuchMethodError'{0x000000070f413010}: 'void java.lang.invoke.DirectMethodHandle$Holder.invokeVirtual(java.lang.Object, java.lang.Object, int)'> (0x000000070f413010) thrown at [./src/hotspot/share/interpreter/linkResolver.cpp, line 773]
Event: 15.822 Thread 0x0000017968618000 Exception <a 'java/lang/NoSuchMethodError'{0x000000070f261c08}: 'java.lang.Object java.lang.invoke.DirectMethodHandle$Holder.invokeSpecial(java.lang.Object, java.lang.Object, int, java.lang.Object, int, java.lang.Object)'> (0x000000070f261c08) thrown at [./src/hotspot/share/interpreter/linkResolver.cpp, line 773]
Event: 15.822 Thread 0x0000017968618000 Exception <a 'java/lang/NoSuchMethodError'{0x000000070f2690f0}: 'java.lang.Object java.lang.invoke.DirectMethodHandle$Holder.invokeStatic(java.lang.Object, java.lang.Object, int, java.lang.Object, int)'> (0x000000070f2690f0) thrown at [./src/hotspot/share/interpreter/linkResolver.cpp, line 773]
Event: 15.823 Thread 0x0000017968618000 Exception <a 'java/lang/NoSuchMethodError'{0x000000070f26c8d0}: 'java.lang.Object java.lang.invoke.DirectMethodHandle$Holder.invokeSpecial(java.lang.Object, java.lang.Object, java.lang.Object, int, java.lang.Object, int)'> (0x000000070f26c8d0) thrown at [./src/hotspot/share/interpreter/linkResolver.cpp, line 773]
Event: 15.824 Thread 0x0000017968618000 Exception <a 'java/lang/NoSuchMethodError'{0x000000070f278ca0}: 'void java.lang.invoke.DirectMethodHandle$Holder.invokeVirtual(java.lang.Object, java.lang.Object)'> (0x000000070f278ca0) thrown at [./src/hotspot/share/interpreter/linkResolver.cpp, line 773]
Event: 16.002 Thread 0x000001790dabe000 Exception <a 'sun/nio/fs/WindowsException'{0x000000070e839a48}> (0x000000070e839a48) thrown at [./src/hotspot/share/prims/jni.cpp, line 615]
Event: 16.024 Thread 0x000001790dabe000 Exception <a 'java/lang/NoSuchMethodError'{0x000000070e8594d0}: 'int java.lang.invoke.DirectMethodHandle$Holder.invokeStaticInit(java.lang.Object, java.lang.Object, java.lang.Object, java.lang.Object)'> (0x000000070e8594d0) thrown at [./src/hotspot/share/interpreter/linkResolver.cpp, line 773]
Event: 16.120 Thread 0x000001790dac5800 Exception <a 'java/lang/ClassNotFoundException'{0x000000070e48a4d0}: java/lang/ObjectCustomizer> (0x000000070e48a4d0) thrown at [./src/hotspot/share/classfile/systemDictionary.cpp, line 231]
Event: 16.121 Thread 0x000001790dac5800 Exception <a 'java/lang/ClassNotFoundException'{0x000000070e49ba78}: com/dot/onboard/presist/models/user/UserCustomizer> (0x000000070e49ba78) thrown at [./src/hotspot/share/classfile/systemDictionary.cpp, line 231]
Event: 17.181 Thread 0x000001790dabe000 Exception <a 'java/lang/NoSuchMethodError'{0x000000070ce54b70}: 'java.lang.Object java.lang.invoke.DirectMethodHandle$Holder.invokeStatic(java.lang.Object, java.lang.Object, java.lang.Object, java.lang.Object, java.lang.Object, java.lang.Object, java.lang.Object, java.lang.Object, java.lang.Object, java.lang.Object, java.lang.Object, int)'> (0x000000070ce54b70) thrown at [./src/hotspot/share/interpreter/linkResolver.cpp, line 773]
Event: 17.182 Thread 0x000001790dabe000 Exception <a 'java/lang/NoSuchMethodError'{0x000000070ce72a70}: 'java.lang.Object java.lang.invoke.DirectMethodHandle$Holder.invokeStatic(java.lang.Object, java.lang.Object, java.lang.Object, java.lang.Object, java.lang.Object, java.lang.Object, java.lang.Object, java.lang.Object, java.lang.Object, java.lang.Object, java.lang.Object, int, int)'> (0x000000070ce72a70) thrown at [./src/hotspot/share/interpreter/linkResolver.cpp, line 773]
Event: 17.183 Thread 0x000001790dabe000 Exception <a 'java/lang/NoSuchMethodError'{0x000000070ce91a60}: 'java.lang.Object java.lang.invoke.DirectMethodHandle$Holder.invokeStatic(java.lang.Object, java.lang.Object, java.lang.Object, java.lang.Object, java.lang.Object, java.lang.Object, java.lang.Object, java.lang.Object, java.lang.Object, java.lang.Object, java.lang.Object, int, int, java.lang.Object)'> (0x000000070ce91a60) thrown at [./src/hotspot/share/interpreter/linkResolver.cpp, line 773]
Event: 17.185 Thread 0x000001790dabe000 Exception <a 'java/lang/NoSuchMethodError'{0x000000070ceb1e78}: 'java.lang.Object java.lang.invoke.DirectMethodHandle$Holder.invokeStatic(java.lang.Object, java.lang.Object, java.lang.Object, java.lang.Object, java.lang.Object, java.lang.Object, java.lang.Object, java.lang.Object, java.lang.Object, java.lang.Object, java.lang.Object, int, int, java.lang.Object, java.lang.Object)'> (0x000000070ceb1e78) thrown at [./src/hotspot/share/interpreter/linkResolver.cpp, line 773]
Event: 17.189 Thread 0x000001790dabe000 Exception <a 'java/lang/ClassNotFoundException'{0x000000070ced29f0}: java/lang/ObjectCustomizer> (0x000000070ced29f0) thrown at [./src/hotspot/share/classfile/systemDictionary.cpp, line 231]
Event: 17.191 Thread 0x000001790dabe000 Exception <a 'java/lang/ClassNotFoundException'{0x000000070cee4720}: com/dot/onboard/presist/models/movie/MovieCustomizer> (0x000000070cee4720) thrown at [./src/hotspot/share/classfile/systemDictionary.cpp, line 231]
Event: 17.243 Thread 0x000001790dabe000 Implicit null exception at 0x000001797892f66f to 0x000001797892f7bc
Event: 275.439 Thread 0x000001791333b000 Exception <a 'java/lang/NoSuchMethodError'{0x000000070baaaae8}: 'java.lang.Object java.lang.invoke.DirectMethodHandle$Holder.invokeStaticInit(java.lang.Object, java.lang.Object, java.lang.Object, java.lang.Object, java.lang.Object, java.lang.Object)'> (0x000000070baaaae8) thrown at [./src/hotspot/share/interpreter/linkResolver.cpp, line 773]
Event: 275.456 Thread 0x000001791333b000 Exception <a 'java/lang/NoSuchMethodError'{0x000000070b9456f0}: 'java.lang.Object java.lang.invoke.DirectMethodHandle$Holder.invokeStatic(java.lang.Object, long)'> (0x000000070b9456f0) thrown at [./src/hotspot/share/interpreter/linkResolver.cpp, line 773]
Event: 275.456 Thread 0x000001791333b000 Exception <a 'java/lang/NoSuchMethodError'{0x000000070b94bfc0}: 'java.lang.Object java.lang.invoke.Invokers$Holder.linkToTargetMethod(long, java.lang.Object)'> (0x000000070b94bfc0) thrown at [./src/hotspot/share/interpreter/linkResolver.cpp, line 773]

Events (20 events):
Event: 3592.104 Executing coalesced safepoint VM operation: RevokeBias done
Event: 3592.104 Executing VM operation: RevokeBias done
Event: 3592.104 Thread 0x000001790dac8000 Thread exited: 0x000001790dac8000
Event: 3592.104 Thread 0x000001790dac9000 Thread exited: 0x000001790dac9000
Event: 3593.668 Thread 0x000001790dacc000 Thread added: 0x000001790dacc000
Event: 3593.668 Thread 0x000001790dac8000 Thread added: 0x000001790dac8000
Event: 3593.668 Executing VM operation: RevokeBias
Event: 3593.668 Executing VM operation: RevokeBias done
Event: 3593.669 Executing VM operation: RevokeBias
Event: 3593.669 Executing VM operation: RevokeBias done
Event: 3595.128 Executing VM operation: RevokeBias
Event: 3595.129 Executing VM operation: RevokeBias done
Event: 3595.129 Executing VM operation: RevokeBias
Event: 3595.129 Executing VM operation: RevokeBias done
Event: 3600.143 Executing VM operation: RevokeBias
Event: 3600.143 Executing VM operation: RevokeBias done
Event: 3600.143 Executing VM operation: RevokeBias
Event: 3600.143 Thread 0x000001790dac8000 Thread exited: 0x000001790dac8000
Event: 3600.143 Executing VM operation: RevokeBias done
Event: 3600.143 Thread 0x000001790dacc000 Thread exited: 0x000001790dacc000


Dynamic libraries:
0x00007ff719b80000 - 0x00007ff719b8d000 	C:\Program Files\AdoptOpenJDK\jdk-11.0.11.9-hotspot\bin\java.exe
0x00007ffeefd70000 - 0x00007ffeeff68000 	C:\WINDOWS\SYSTEM32\ntdll.dll
0x00007ffeef430000 - 0x00007ffeef4ed000 	C:\WINDOWS\System32\KERNEL32.DLL
0x00007ffeed6b0000 - 0x00007ffeed97e000 	C:\WINDOWS\System32\KERNELBASE.dll
0x00007ffeedb80000 - 0x00007ffeedc80000 	C:\WINDOWS\System32\ucrtbase.dll
0x00007ffee84d0000 - 0x00007ffee84e5000 	C:\Program Files\AdoptOpenJDK\jdk-11.0.11.9-hotspot\bin\VCRUNTIME140.dll
0x00007ffedaf60000 - 0x00007ffedaf77000 	C:\Program Files\AdoptOpenJDK\jdk-11.0.11.9-hotspot\bin\jli.dll
0x00007ffeefa60000 - 0x00007ffeefc00000 	C:\WINDOWS\System32\USER32.dll
0x00007ffed7590000 - 0x00007ffed782a000 	C:\WINDOWS\WinSxS\amd64_microsoft.windows.common-controls_6595b64144ccf1df_6.0.19041.1110_none_60b5254171f9507e\COMCTL32.dll
0x00007ffeed490000 - 0x00007ffeed4b2000 	C:\WINDOWS\System32\win32u.dll
0x00007ffeef0f0000 - 0x00007ffeef18e000 	C:\WINDOWS\System32\msvcrt.dll
0x00007ffeef1a0000 - 0x00007ffeef1ca000 	C:\WINDOWS\System32\GDI32.dll
0x00007ffeed510000 - 0x00007ffeed61b000 	C:\WINDOWS\System32\gdi32full.dll
0x00007ffeedc80000 - 0x00007ffeedd1d000 	C:\WINDOWS\System32\msvcp_win.dll
0x00007ffeef620000 - 0x00007ffeef650000 	C:\WINDOWS\System32\IMM32.DLL
0x00007ffedc590000 - 0x00007ffedc62b000 	C:\Program Files\AdoptOpenJDK\jdk-11.0.11.9-hotspot\bin\msvcp140.dll
0x00007ffe602b0000 - 0x00007ffe60dfb000 	C:\Program Files\AdoptOpenJDK\jdk-11.0.11.9-hotspot\bin\server\jvm.dll
0x00007ffeef1d0000 - 0x00007ffeef27e000 	C:\WINDOWS\System32\ADVAPI32.dll
0x00007ffeef650000 - 0x00007ffeef6ec000 	C:\WINDOWS\System32\sechost.dll
0x00007ffeefc00000 - 0x00007ffeefd25000 	C:\WINDOWS\System32\RPCRT4.dll
0x00007ffeefa50000 - 0x00007ffeefa58000 	C:\WINDOWS\System32\PSAPI.DLL
0x00007ffee8a10000 - 0x00007ffee8a19000 	C:\WINDOWS\SYSTEM32\WSOCK32.dll
0x00007ffeda8b0000 - 0x00007ffeda8d7000 	C:\WINDOWS\SYSTEM32\WINMM.dll
0x00007ffee4740000 - 0x00007ffee474a000 	C:\WINDOWS\SYSTEM32\VERSION.dll
0x00007ffeef280000 - 0x00007ffeef2eb000 	C:\WINDOWS\System32\WS2_32.dll
0x00007ffeeb320000 - 0x00007ffeeb332000 	C:\WINDOWS\SYSTEM32\kernel.appcore.dll
0x00007ffee8550000 - 0x00007ffee8560000 	C:\Program Files\AdoptOpenJDK\jdk-11.0.11.9-hotspot\bin\verify.dll
0x00007ffed3120000 - 0x00007ffed3304000 	C:\WINDOWS\SYSTEM32\DBGHELP.DLL
0x00007ffed30f0000 - 0x00007ffed311c000 	C:\WINDOWS\SYSTEM32\dbgcore.DLL
0x00007ffeed620000 - 0x00007ffeed6a2000 	C:\WINDOWS\System32\bcryptPrimitives.dll
0x00007ffee62b0000 - 0x00007ffee62d8000 	C:\Program Files\AdoptOpenJDK\jdk-11.0.11.9-hotspot\bin\java.dll
0x00007ffee84c0000 - 0x00007ffee84ca000 	C:\Program Files\AdoptOpenJDK\jdk-11.0.11.9-hotspot\bin\jimage.dll
0x00007ffee69c0000 - 0x00007ffee69d7000 	C:\Program Files\AdoptOpenJDK\jdk-11.0.11.9-hotspot\bin\zip.dll
0x00007ffeede90000 - 0x00007ffeee5d3000 	C:\WINDOWS\System32\SHELL32.dll
0x00007ffeeb520000 - 0x00007ffeebcb5000 	C:\WINDOWS\SYSTEM32\windows.storage.dll
0x00007ffeef6f0000 - 0x00007ffeefa44000 	C:\WINDOWS\System32\combase.dll
0x00007ffeecef0000 - 0x00007ffeecf20000 	C:\WINDOWS\SYSTEM32\Wldp.dll
0x00007ffeedde0000 - 0x00007ffeede8d000 	C:\WINDOWS\System32\SHCORE.dll
0x00007ffeee740000 - 0x00007ffeee795000 	C:\WINDOWS\System32\shlwapi.dll
0x00007ffeed3d0000 - 0x00007ffeed3ef000 	C:\WINDOWS\SYSTEM32\profapi.dll
0x00007ffee6880000 - 0x00007ffee6899000 	C:\Program Files\AdoptOpenJDK\jdk-11.0.11.9-hotspot\bin\net.dll
0x00007ffede7a0000 - 0x00007ffede8aa000 	C:\WINDOWS\SYSTEM32\WINHTTP.dll
0x00007ffeecc30000 - 0x00007ffeecc9a000 	C:\WINDOWS\system32\mswsock.dll
0x00007ffee63a0000 - 0x00007ffee63b2000 	C:\Program Files\AdoptOpenJDK\jdk-11.0.11.9-hotspot\bin\nio.dll
0x00007ffee83b0000 - 0x00007ffee83b9000 	C:\Program Files\AdoptOpenJDK\jdk-11.0.11.9-hotspot\bin\management.dll
0x00007ffee6650000 - 0x00007ffee665b000 	C:\Program Files\AdoptOpenJDK\jdk-11.0.11.9-hotspot\bin\management_ext.dll
0x00007ffec9250000 - 0x00007ffec9267000 	C:\WINDOWS\system32\napinsp.dll
0x00007ffec9230000 - 0x00007ffec924b000 	C:\WINDOWS\system32\pnrpnsp.dll
0x00007ffec9050000 - 0x00007ffec9065000 	C:\WINDOWS\system32\wshbth.dll
0x00007ffee9140000 - 0x00007ffee915d000 	C:\WINDOWS\system32\NLAapi.dll
0x00007ffeec8c0000 - 0x00007ffeec8fb000 	C:\WINDOWS\SYSTEM32\IPHLPAPI.DLL
0x00007ffeec900000 - 0x00007ffeec9ca000 	C:\WINDOWS\SYSTEM32\DNSAPI.dll
0x00007ffeef190000 - 0x00007ffeef198000 	C:\WINDOWS\System32\NSI.dll
0x00007ffec9030000 - 0x00007ffec9042000 	C:\WINDOWS\System32\winrnr.dll
0x00007ffedde50000 - 0x00007ffedde5a000 	C:\Windows\System32\rasadhlp.dll
0x00007ffeddd10000 - 0x00007ffeddd90000 	C:\WINDOWS\System32\fwpuclnt.dll
0x00007ffeed980000 - 0x00007ffeed9a7000 	C:\WINDOWS\System32\bcrypt.dll
0x00007ffeece40000 - 0x00007ffeece58000 	C:\WINDOWS\SYSTEM32\CRYPTSP.dll
0x00007ffeec520000 - 0x00007ffeec554000 	C:\WINDOWS\system32\rsaenh.dll
0x00007ffeed350000 - 0x00007ffeed37e000 	C:\WINDOWS\SYSTEM32\USERENV.dll
0x00007ffeece60000 - 0x00007ffeece6c000 	C:\WINDOWS\SYSTEM32\CRYPTBASE.dll
0x00007ffee6e40000 - 0x00007ffee6e57000 	C:\WINDOWS\SYSTEM32\dhcpcsvc6.DLL
0x00007ffee6e20000 - 0x00007ffee6e3d000 	C:\WINDOWS\SYSTEM32\dhcpcsvc.DLL
0x00007ffedd510000 - 0x00007ffedd51e000 	C:\Program Files\AdoptOpenJDK\jdk-11.0.11.9-hotspot\bin\sunmscapi.dll
0x00007ffeeda20000 - 0x00007ffeedb76000 	C:\WINDOWS\System32\CRYPT32.dll
0x00007ffeecf60000 - 0x00007ffeecf87000 	C:\WINDOWS\SYSTEM32\ncrypt.dll
0x00007ffeecf20000 - 0x00007ffeecf5b000 	C:\WINDOWS\SYSTEM32\NTASN1.dll
0x00007ffedabe0000 - 0x00007ffedac05000 	C:\Program Files\AdoptOpenJDK\jdk-11.0.11.9-hotspot\bin\sunec.dll

dbghelp: loaded successfully - version: 4.0.5 - missing functions: none
symbol engine: initialized successfully - sym options: 0x614 - pdb path: .;C:\Program Files\AdoptOpenJDK\jdk-11.0.11.9-hotspot\bin;C:\WINDOWS\SYSTEM32;C:\WINDOWS\WinSxS\amd64_microsoft.windows.common-controls_6595b64144ccf1df_6.0.19041.1110_none_60b5254171f9507e;C:\Program Files\AdoptOpenJDK\jdk-11.0.11.9-hotspot\bin\server

VM Arguments:
java_command: com.dot.onboard.OnboardApplication
java_class_path (initial): D:\git-project\onboard\target\classes;C:\Users\ASUS\.m2\repository\org\springframework\boot\spring-boot-starter-validation\2.7.3\spring-boot-starter-validation-2.7.3.jar;C:\Users\ASUS\.m2\repository\org\springframework\boot\spring-boot-starter\2.7.3\spring-boot-starter-2.7.3.jar;C:\Users\ASUS\.m2\repository\org\springframework\boot\spring-boot\2.7.3\spring-boot-2.7.3.jar;C:\Users\ASUS\.m2\repository\org\springframework\boot\spring-boot-autoconfigure\2.7.3\spring-boot-autoconfigure-2.7.3.jar;C:\Users\ASUS\.m2\repository\org\springframework\boot\spring-boot-starter-logging\2.7.3\spring-boot-starter-logging-2.7.3.jar;C:\Users\ASUS\.m2\repository\ch\qos\logback\logback-classic\1.2.11\logback-classic-1.2.11.jar;C:\Users\ASUS\.m2\repository\ch\qos\logback\logback-core\1.2.11\logback-core-1.2.11.jar;C:\Users\ASUS\.m2\repository\org\apache\logging\log4j\log4j-to-slf4j\2.17.2\log4j-to-slf4j-2.17.2.jar;C:\Users\ASUS\.m2\repository\org\apache\logging\log4j\log4j-api\2.17.2\log4j-api-2.17.2.jar;C:\Users\ASUS\.m2\repository\org\slf4j\jul-to-slf4j\1.7.36\jul-to-slf4j-1.7.36.jar;C:\Users\ASUS\.m2\repository\jakarta\annotation\jakarta.annotation-api\1.3.5\jakarta.annotation-api-1.3.5.jar;C:\Users\ASUS\.m2\repository\org\yaml\snakeyaml\1.30\snakeyaml-1.30.jar;C:\Users\ASUS\.m2\repository\org\apache\tomcat\embed\tomcat-embed-el\9.0.65\tomcat-embed-el-9.0.65.jar;C:\Users\ASUS\.m2\repository\org\hibernate\validator\hibernate-validator\6.2.4.Final\hibernate-validator-6.2.4.Final.jar;C:\Users\ASUS\.m2\repository\jakarta\validation\jakarta.validation-api\2.0.2\jakarta.validation-api-2.0.2.jar;C:\Users\ASUS\.m2\repository\org\jboss\logging\jboss-logging\3.4.3.Final\jboss-logging-3.4.3.Final.jar;C:\Users\ASUS\.m2\repository\com\fasterxml\classmate\1.5.1\classmate-1.5.1.jar;C:\Users\ASUS\.m2\repository\org\springframework\boot\spring-boot-starter-data-jpa\2.7.3\spring-boot-starter-data-jpa-2.7.3.jar;C:\Users\ASUS\.m2\repository\org\springframework\boot\spring-boo
Launcher Type: SUN_STANDARD

[Global flags]
     intx CICompilerCount                          = 4                                         {product} {ergonomic}
     uint ConcGCThreads                            = 2                                         {product} {ergonomic}
     uint G1ConcRefinementThreads                  = 8                                         {product} {ergonomic}
   size_t G1HeapRegionSize                         = 1048576                                   {product} {ergonomic}
    uintx GCDrainStackTargetSize                   = 64                                        {product} {ergonomic}
   size_t InitialHeapSize                          = 268435456                                 {product} {ergonomic}
   size_t MarkStackSize                            = 4194304                                   {product} {ergonomic}
   size_t MaxHeapSize                              = 4265607168                                {product} {ergonomic}
   size_t MaxNewSize                               = 2558525440                                {product} {ergonomic}
   size_t MinHeapDeltaBytes                        = 1048576                                   {product} {ergonomic}
    uintx NonNMethodCodeHeapSize                   = 5836300                                {pd product} {ergonomic}
    uintx NonProfiledCodeHeapSize                  = 122910970                              {pd product} {ergonomic}
    uintx ProfiledCodeHeapSize                     = 122910970                              {pd product} {ergonomic}
    uintx ReservedCodeCacheSize                    = 251658240                              {pd product} {ergonomic}
     bool SegmentedCodeCache                       = true                                      {product} {ergonomic}
     bool UseCompressedClassPointers               = true                                 {lp64_product} {ergonomic}
     bool UseCompressedOops                        = true                                 {lp64_product} {ergonomic}
     bool UseG1GC                                  = true                                      {product} {ergonomic}
     bool UseLargePagesIndividualAllocation        = false                                  {pd product} {ergonomic}

Logging:
Log output configuration:
 #0: stdout all=warning uptime,level,tags
 #1: stderr all=off uptime,level,tags

Environment Variables:
JAVA_HOME=C:\Program Files\AdoptOpenJDK\jdk-11.0.11.9-hotspot
PATH=C:\Program Files\AdoptOpenJDK\jdk-11.0.11.9-hotspot\bin;C:\Program Files (x86)\Intel\iCLS Client\;C:\Program Files\Intel\iCLS Client\;C:\Program Files (x86)\Common Files\Intel\Shared Libraries\redist\intel64\compiler;C:\Windows\system32;C:\Windows;C:\Windows\System32\Wbem;C:\Windows\System32\WindowsPowerShell\v1.0\;C:\Windows\System32\OpenSSH\;C:\Program Files (x86)\NVIDIA Corporation\PhysX\Common;C:\Program Files\Intel\WiFi\bin\;C:\Program Files\Common Files\Intel\WirelessCommon\;C:\Program Files (x86)\Intel\Intel(R) Management Engine Components\DAL;C:\Program Files\Intel\Intel(R) Management Engine Components\DAL;C:\Program Files (x86)\Intel\Intel(R) Management Engine Components\IPT;C:\Program Files\Intel\Intel(R) Management Engine Components\IPT;C:\WINDOWS\system32;C:\WINDOWS;C:\WINDOWS\System32\Wbem;C:\WINDOWS\System32\WindowsPowerShell\v1.0\;C:\WINDOWS\System32\OpenSSH\;C:\Program Files\NVIDIA Corporation\NVIDIA NvDLISR;C:\Program Files\PowerShell\7\;C:\Program Files\nodejs\;E:\Ryuz\Client SDK\ODBC\110\Tools\Binn\;E:\Ryuz7\120\Tools\Binn\;E:\Ryuz\120\Tools\Binn\;E:\Ryuz\120\DTS\Binn\;E:\Ryuz7\120\Tools\Binn\ManagementStudio\;E:\Ryuz7\120\DTS\Binn\;C:\Program Files\Go\bin;C:\Program Files\Cloudflare\Cloudflare WARP\;C:\Program Files\Git\cmd;C:\Users\ASUS\AppData\Local\Programs\Python\Python38-32\Scripts\;C:\Users\ASUS\AppData\Local\Programs\Python\Python38-32\;C:\Users\ASUS\AppData\Local\Microsoft\WindowsApps;C:\Program Files\Intel\WiFi\bin\;C:\Program Files\Common Files\Intel\WirelessCommon\;C:\Users\ASUS\AppData\Local\Programs\Microsoft VS Code\bin;C:\Program Files\JetBrains\IntelliJ IDEA Community Edition 2021.1.2\bin;;C:\Users\ASUS\AppData\Local\GitHubDesktop\bin;C:\src\flutter\bin;C:\Users\ASUS\AppData\Roaming\npm;C:\Users\ASUS\go\bin;D:\Heroku\bin
USERNAME=ASUS
OS=Windows_NT
PROCESSOR_IDENTIFIER=Intel64 Family 6 Model 158 Stepping 9, GenuineIntel



---------------  S Y S T E M  ---------------

OS: Windows 10 , 64 bit Build 19041 (10.0.19041.1889)
OS uptime: 0 days 19:49 hours
Hyper-V role detected

CPU:total 8 (initial active 8) (4 cores per cpu, 2 threads per core) family 6 model 158 stepping 9 microcode 0xb4, cmov, cx8, fxsr, mmx, sse, sse2, sse3, ssse3, sse4.1, sse4.2, popcnt, avx, avx2, aes, clmul, erms, 3dnowpref, lzcnt, ht, tsc, tscinvbit, bmi1, bmi2, adx, fma

Memory: 4k page, system-wide physical 16267M (8587M free)
TotalPageFile size 18699M (AvailPageFile size 6113M)
current process WorkingSet (physical memory assigned to process): 206M, peak: 407M
current process commit charge ("private bytes"): 475M, peak: 524M

vm_info: OpenJDK 64-Bit Server VM (11.0.11+9) for windows-amd64 JRE (11.0.11+9), built on Apr 20 2021 21:22:09 by "" with MS VC++ 15.9 (VS2017)

END.
